[16:40:46.164][A00003][RESET_STATE]
[16:50:52.800][A00003][TRACKING_ID_CREATED] {"tracking_id": "KALMAR_1_WED_06_05_26_001"}
[16:50:52.802][A00003][OCR_THREAD_STARTED]
[16:50:52.808][A00003][PICKED_REFERENCE_CAPTURED]
[16:50:52.812][A00003][OCR_ATTEMPT] {"tracking_id": "KALMAR_1_WED_06_05_26_001", "attempt": 1, "since_pickup_sec": 5.06}
[16:50:55.519][A00003][OCR_API_CALL] {"status": 200, "tracking_id": "KALMAR_1_WED_06_05_26_001"}
[16:50:59.609][FAILED_OCR_SERVER_FAILED][{'tracking_id': 'KALMAR_1_WED_06_05_26_001', 'error': 'HTTPConnectionPool(host=\'localhost\', port=8080): Max retries exceeded with url: /YARD/yardKalmar/failed-ocr (Caused by NewConnectionError("HTTPConnection(host=\'localhost\', port=8080): Failed to establish a new connection: [WinError 10061] No connection could be made because the target machine actively refused it"))'}]
[16:51:03.661][FAILED_OCR_LOCAL_ERROR][{'error': 'HTTPConnectionPool(host=\'localhost\', port=8080): Max retries exceeded with url: /YARD/yardKalmar/failed-ocr (Caused by NewConnectionError("HTTPConnection(host=\'localhost\', port=8080): Failed to establish a new connection: [WinError 10061] No connection could be made because the target machine actively refused it"))'}]
[16:51:04.824][A00003][OCR_ATTEMPT] {"tracking_id": "KALMAR_1_WED_06_05_26_001", "attempt": 2, "since_pickup_sec": 17.07}
[16:51:07.480][A00003][OCR_API_CALL] {"status": 200, "tracking_id": "KALMAR_1_WED_06_05_26_001"}
[16:51:11.530][FAILED_OCR_SERVER_FAILED][{'tracking_id': 'KALMAR_1_WED_06_05_26_001', 'error': 'HTTPConnectionPool(host=\'localhost\', port=8080): Max retries exceeded with url: /YARD/yardKalmar/failed-ocr (Caused by NewConnectionError("HTTPConnection(host=\'localhost\', port=8080): Failed to establish a new connection: [WinError 10061] No connection could be made because the target machine actively refused it"))'}]
[16:51:15.586][FAILED_OCR_LOCAL_ERROR][{'error': 'HTTPConnectionPool(host=\'localhost\', port=8080): Max retries exceeded with url: /YARD/yardKalmar/failed-ocr (Caused by NewConnectionError("HTTPConnection(host=\'localhost\', port=8080): Failed to establish a new connection: [WinError 10061] No connection could be made because the target machine actively refused it"))'}]
[16:51:16.842][A00003][OCR_ATTEMPT] {"tracking_id": "KALMAR_1_WED_06_05_26_001", "attempt": 3, "since_pickup_sec": 29.09}
[16:51:19.512][A00003][OCR_API_CALL] {"status": 200, "tracking_id": "KALMAR_1_WED_06_05_26_001"}
[16:51:23.575][FAILED_OCR_SERVER_FAILED][{'tracking_id': 'KALMAR_1_WED_06_05_26_001', 'error': 'HTTPConnectionPool(host=\'localhost\', port=8080): Max retries exceeded with url: /YARD/yardKalmar/failed-ocr (Caused by NewConnectionError("HTTPConnection(host=\'localhost\', port=8080): Failed to establish a new connection: [WinError 10061] No connection could be made because the target machine actively refused it"))'}]
[16:51:27.625][FAILED_OCR_LOCAL_ERROR][{'error': 'HTTPConnectionPool(host=\'localhost\', port=8080): Max retries exceeded with url: /YARD/yardKalmar/failed-ocr (Caused by NewConnectionError("HTTPConnection(host=\'localhost\', port=8080): Failed to establish a new connection: [WinError 10061] No connection could be made because the target machine actively refused it"))'}]
[16:51:28.865][A00003][OCR_ATTEMPT] {"tracking_id": "KALMAR_1_WED_06_05_26_001", "attempt": 4, "since_pickup_sec": 41.11}
[16:51:31.721][A00003][OCR_API_CALL] {"status": 200, "tracking_id": "KALMAR_1_WED_06_05_26_001"}
[16:51:35.788][FAILED_OCR_SERVER_FAILED][{'tracking_id': 'KALMAR_1_WED_06_05_26_001', 'error': 'HTTPConnectionPool(host=\'localhost\', port=8080): Max retries exceeded with url: /YARD/yardKalmar/failed-ocr (Caused by NewConnectionError("HTTPConnection(host=\'localhost\', port=8080): Failed to establish a new connection: [WinError 10061] No connection could be made because the target machine actively refused it"))'}]
[16:51:39.856][FAILED_OCR_LOCAL_ERROR][{'error': 'HTTPConnectionPool(host=\'localhost\', port=8080): Max retries exceeded with url: /YARD/yardKalmar/failed-ocr (Caused by NewConnectionError("HTTPConnection(host=\'localhost\', port=8080): Failed to establish a new connection: [WinError 10061] No connection could be made because the target machine actively refused it"))'}]
[16:51:40.872][A00003][OCR_ATTEMPT] {"tracking_id": "KALMAR_1_WED_06_05_26_001", "attempt": 5, "since_pickup_sec": 53.12}
[16:51:43.550][A00003][OCR_API_CALL] {"status": 200, "tracking_id": "KALMAR_1_WED_06_05_26_001"}
[16:51:47.607][FAILED_OCR_SERVER_FAILED][{'tracking_id': 'KALMAR_1_WED_06_05_26_001', 'error': 'HTTPConnectionPool(host=\'localhost\', port=8080): Max retries exceeded with url: /YARD/yardKalmar/failed-ocr (Caused by NewConnectionError("HTTPConnection(host=\'localhost\', port=8080): Failed to establish a new connection: [WinError 10061] No connection could be made because the target machine actively refused it"))'}]
[16:51:51.664][FAILED_OCR_LOCAL_ERROR][{'error': 'HTTPConnectionPool(host=\'localhost\', port=8080): Max retries exceeded with url: /YARD/yardKalmar/failed-ocr (Caused by NewConnectionError("HTTPConnection(host=\'localhost\', port=8080): Failed to establish a new connection: [WinError 10061] No connection could be made because the target machine actively refused it"))'}]
[16:51:52.922][A00003][OCR_ATTEMPT] {"tracking_id": "KALMAR_1_WED_06_05_26_001", "attempt": 6, "since_pickup_sec": 65.17}
[16:52:01.288][A00003][OCR_API_CALL] {"status": 200, "tracking_id": "KALMAR_1_WED_06_05_26_001"}
[16:52:05.362][FAILED_OCR_SERVER_FAILED][{'tracking_id': 'KALMAR_1_WED_06_05_26_001', 'error': 'HTTPConnectionPool(host=\'localhost\', port=8080): Max retries exceeded with url: /YARD/yardKalmar/failed-ocr (Caused by NewConnectionError("HTTPConnection(host=\'localhost\', port=8080): Failed to establish a new connection: [WinError 10061] No connection could be made because the target machine actively refused it"))'}]
[16:52:09.417][FAILED_OCR_LOCAL_ERROR][{'error': 'HTTPConnectionPool(host=\'localhost\', port=8080): Max retries exceeded with url: /YARD/yardKalmar/failed-ocr (Caused by NewConnectionError("HTTPConnection(host=\'localhost\', port=8080): Failed to establish a new connection: [WinError 10061] No connection could be made because the target machine actively refused it"))'}]
[16:52:09.518][A00003][OCR_ATTEMPT] {"tracking_id": "KALMAR_1_WED_06_05_26_001", "attempt": 7, "since_pickup_sec": 81.77}
[16:52:17.783][A00003][OCR_API_CALL] {"status": 200, "tracking_id": "KALMAR_1_WED_06_05_26_001"}
[16:52:21.877][FAILED_OCR_SERVER_FAILED][{'tracking_id': 'KALMAR_1_WED_06_05_26_001', 'error': 'HTTPConnectionPool(host=\'localhost\', port=8080): Max retries exceeded with url: /YARD/yardKalmar/failed-ocr (Caused by NewConnectionError("HTTPConnection(host=\'localhost\', port=8080): Failed to establish a new connection: [WinError 10061] No connection could be made because the target machine actively refused it"))'}]
[16:52:25.945][FAILED_OCR_LOCAL_ERROR][{'error': 'HTTPConnectionPool(host=\'localhost\', port=8080): Max retries exceeded with url: /YARD/yardKalmar/failed-ocr (Caused by NewConnectionError("HTTPConnection(host=\'localhost\', port=8080): Failed to establish a new connection: [WinError 10061] No connection could be made because the target machine actively refused it"))'}]
[16:52:25.950][A00003][OCR_ATTEMPT] {"tracking_id": "KALMAR_1_WED_06_05_26_001", "attempt": 8, "since_pickup_sec": 98.2}
[16:52:30.418][A00003][OCR_API_CALL] {"status": 200, "tracking_id": "KALMAR_1_WED_06_05_26_001"}
[16:52:34.468][FAILED_OCR_SERVER_FAILED][{'tracking_id': 'KALMAR_1_WED_06_05_26_001', 'error': 'HTTPConnectionPool(host=\'localhost\', port=8080): Max retries exceeded with url: /YARD/yardKalmar/failed-ocr (Caused by NewConnectionError("HTTPConnection(host=\'localhost\', port=8080): Failed to establish a new connection: [WinError 10061] No connection could be made because the target machine actively refused it"))'}]
[16:52:38.540][FAILED_OCR_LOCAL_ERROR][{'error': 'HTTPConnectionPool(host=\'localhost\', port=8080): Max retries exceeded with url: /YARD/yardKalmar/failed-ocr (Caused by NewConnectionError("HTTPConnection(host=\'localhost\', port=8080): Failed to establish a new connection: [WinError 10061] No connection could be made because the target machine actively refused it"))'}]
[16:52:38.546][A00003][OCR_ATTEMPT] {"tracking_id": "KALMAR_1_WED_06_05_26_001", "attempt": 9, "since_pickup_sec": 110.79}
[16:52:43.272][A00003][OCR_API_CALL] {"status": 200, "tracking_id": "KALMAR_1_WED_06_05_26_001"}
[16:52:47.328][FAILED_OCR_SERVER_FAILED][{'tracking_id': 'KALMAR_1_WED_06_05_26_001', 'error': 'HTTPConnectionPool(host=\'localhost\', port=8080): Max retries exceeded with url: /YARD/yardKalmar/failed-ocr (Caused by NewConnectionError("HTTPConnection(host=\'localhost\', port=8080): Failed to establish a new connection: [WinError 10061] No connection could be made because the target machine actively refused it"))'}]
[16:52:51.396][FAILED_OCR_LOCAL_ERROR][{'error': 'HTTPConnectionPool(host=\'localhost\', port=8080): Max retries exceeded with url: /YARD/yardKalmar/failed-ocr (Caused by NewConnectionError("HTTPConnection(host=\'localhost\', port=8080): Failed to establish a new connection: [WinError 10061] No connection could be made because the target machine actively refused it"))'}]
[16:52:51.396][A00003][OCR_ATTEMPT] {"tracking_id": "KALMAR_1_WED_06_05_26_001", "attempt": 10, "since_pickup_sec": 123.64}
[16:52:56.113][A00003][OCR_API_CALL] {"status": 200, "tracking_id": "KALMAR_1_WED_06_05_26_001"}
[16:53:00.163][FAILED_OCR_SERVER_FAILED][{'tracking_id': 'KALMAR_1_WED_06_05_26_001', 'error': 'HTTPConnectionPool(host=\'localhost\', port=8080): Max retries exceeded with url: /YARD/yardKalmar/failed-ocr (Caused by NewConnectionError("HTTPConnection(host=\'localhost\', port=8080): Failed to establish a new connection: [WinError 10061] No connection could be made because the target machine actively refused it"))'}]
[16:53:04.238][FAILED_OCR_LOCAL_ERROR][{'error': 'HTTPConnectionPool(host=\'localhost\', port=8080): Max retries exceeded with url: /YARD/yardKalmar/failed-ocr (Caused by NewConnectionError("HTTPConnection(host=\'localhost\', port=8080): Failed to establish a new connection: [WinError 10061] No connection could be made because the target machine actively refused it"))'}]
[16:53:04.238][A00003][OCR_MAX_ATTEMPTS_REACHED]
[16:55:31.613][A00003][RESET_STATE]
[16:59:21.460][A00003][TRACKING_ID_CREATED] {"tracking_id": "KALMAR_1_WED_06_05_26_002"}
[16:59:21.467][A00003][OCR_THREAD_STARTED]
[16:59:21.471][A00003][PICKED_REFERENCE_CAPTURED]
[16:59:21.473][A00003][OCR_ATTEMPT] {"tracking_id": "KALMAR_1_WED_06_05_26_002", "attempt": 1, "since_pickup_sec": 5.1}
[16:59:24.521][A00003][OCR_API_CALL] {"status": 200, "tracking_id": "KALMAR_1_WED_06_05_26_002"}
[16:59:28.607][FAILED_OCR_SERVER_FAILED][{'tracking_id': 'KALMAR_1_WED_06_05_26_002', 'error': 'HTTPConnectionPool(host=\'localhost\', port=8080): Max retries exceeded with url: /YARD/yardKalmar/failed-ocr (Caused by NewConnectionError("HTTPConnection(host=\'localhost\', port=8080): Failed to establish a new connection: [WinError 10061] No connection could be made because the target machine actively refused it"))'}]
[16:59:32.675][FAILED_OCR_LOCAL_ERROR][{'error': 'HTTPConnectionPool(host=\'localhost\', port=8080): Max retries exceeded with url: /YARD/yardKalmar/failed-ocr (Caused by NewConnectionError("HTTPConnection(host=\'localhost\', port=8080): Failed to establish a new connection: [WinError 10061] No connection could be made because the target machine actively refused it"))'}]
[16:59:33.475][A00003][OCR_ATTEMPT] {"tracking_id": "KALMAR_1_WED_06_05_26_002", "attempt": 2, "since_pickup_sec": 17.1}
[16:59:36.042][A00003][OCR_API_CALL] {"status": 200, "tracking_id": "KALMAR_1_WED_06_05_26_002"}
[16:59:38.758][A00003][RESET_STATE]
[16:59:40.173][FAILED_OCR_SERVER_FAILED][{'tracking_id': 'KALMAR_1_WED_06_05_26_002', 'error': 'HTTPConnectionPool(host=\'localhost\', port=8080): Max retries exceeded with url: /YARD/yardKalmar/failed-ocr (Caused by NewConnectionError("HTTPConnection(host=\'localhost\', port=8080): Failed to establish a new connection: [WinError 10061] No connection could be made because the target machine actively refused it"))'}]
[16:59:44.292][FAILED_OCR_LOCAL_ERROR][{'error': 'HTTPConnectionPool(host=\'localhost\', port=8080): Max retries exceeded with url: /YARD/yardKalmar/failed-ocr (Caused by NewConnectionError("HTTPConnection(host=\'localhost\', port=8080): Failed to establish a new connection: [WinError 10061] No connection could be made because the target machine actively refused it"))'}]
[16:59:44.292][A00003][OCR_STOP_NO_TIMER]
[17:07:39.173][A00003][RESET_STATE]
[17:08:23.900][A00003][TRACKING_ID_CREATED] {"tracking_id": "KALMAR_1_WED_06_05_26_003"}
[17:08:23.901][A00003][OCR_THREAD_STARTED]
[17:08:23.901][A00003][PICKED_REFERENCE_CAPTURED]
[17:08:23.910][A00003][OCR_ATTEMPT] {"tracking_id": "KALMAR_1_WED_06_05_26_003", "attempt": 1, "since_pickup_sec": 5.09}
[17:08:26.876][A00003][OCR_API_CALL] {"status": 200, "tracking_id": "KALMAR_1_WED_06_05_26_003"}
[17:08:30.950][FAILED_OCR_SERVER_FAILED][{'tracking_id': 'KALMAR_1_WED_06_05_26_003', 'error': 'HTTPConnectionPool(host=\'localhost\', port=8080): Max retries exceeded with url: /YARD/yardKalmar/failed-ocr (Caused by NewConnectionError("HTTPConnection(host=\'localhost\', port=8080): Failed to establish a new connection: [WinError 10061] No connection could be made because the target machine actively refused it"))'}]
[17:08:34.999][FAILED_OCR_LOCAL_ERROR][{'error': 'HTTPConnectionPool(host=\'localhost\', port=8080): Max retries exceeded with url: /YARD/yardKalmar/failed-ocr (Caused by NewConnectionError("HTTPConnection(host=\'localhost\', port=8080): Failed to establish a new connection: [WinError 10061] No connection could be made because the target machine actively refused it"))'}]
[17:08:35.916][A00003][OCR_ATTEMPT] {"tracking_id": "KALMAR_1_WED_06_05_26_003", "attempt": 2, "since_pickup_sec": 17.1}
[17:08:38.533][A00003][OCR_API_CALL] {"status": 200, "tracking_id": "KALMAR_1_WED_06_05_26_003"}
[17:08:42.598][FAILED_OCR_SERVER_FAILED][{'tracking_id': 'KALMAR_1_WED_06_05_26_003', 'error': 'HTTPConnectionPool(host=\'localhost\', port=8080): Max retries exceeded with url: /YARD/yardKalmar/failed-ocr (Caused by NewConnectionError("HTTPConnection(host=\'localhost\', port=8080): Failed to establish a new connection: [WinError 10061] No connection could be made because the target machine actively refused it"))'}]
[17:08:46.649][FAILED_OCR_LOCAL_ERROR][{'error': 'HTTPConnectionPool(host=\'localhost\', port=8080): Max retries exceeded with url: /YARD/yardKalmar/failed-ocr (Caused by NewConnectionError("HTTPConnection(host=\'localhost\', port=8080): Failed to establish a new connection: [WinError 10061] No connection could be made because the target machine actively refused it"))'}]
[17:08:47.957][A00003][OCR_ATTEMPT] {"tracking_id": "KALMAR_1_WED_06_05_26_003", "attempt": 3, "since_pickup_sec": 29.14}
[17:08:50.564][A00003][OCR_API_CALL] {"status": 200, "tracking_id": "KALMAR_1_WED_06_05_26_003"}
[17:08:53.431][A00003][RESET_STATE]
[17:08:54.631][FAILED_OCR_SERVER_FAILED][{'tracking_id': 'KALMAR_1_WED_06_05_26_003', 'error': 'HTTPConnectionPool(host=\'localhost\', port=8080): Max retries exceeded with url: /YARD/yardKalmar/failed-ocr (Caused by NewConnectionError("HTTPConnection(host=\'localhost\', port=8080): Failed to establish a new connection: [WinError 10061] No connection could be made because the target machine actively refused it"))'}]
[17:08:58.745][FAILED_OCR_LOCAL_ERROR][{'error': 'HTTPConnectionPool(host=\'localhost\', port=8080): Max retries exceeded with url: /YARD/yardKalmar/failed-ocr (Caused by NewConnectionError("HTTPConnection(host=\'localhost\', port=8080): Failed to establish a new connection: [WinError 10061] No connection could be made because the target machine actively refused it"))'}]
[17:08:58.748][A00003][OCR_STOP_NO_TIMER]
[17:11:30.460][A00003][TRACKING_ID_CREATED] {"tracking_id": "KALMAR_1_WED_06_05_26_004"}
[17:11:30.462][A00003][OCR_THREAD_STARTED]
[17:11:30.466][A00003][OCR_ATTEMPT] {"tracking_id": "KALMAR_1_WED_06_05_26_004", "attempt": 1, "since_pickup_sec": 5.06}
[17:11:30.468][A00003][PICKED_REFERENCE_CAPTURED]
[17:11:33.353][A00003][OCR_API_CALL] {"status": 200, "tracking_id": "KALMAR_1_WED_06_05_26_004"}
[17:11:37.412][FAILED_OCR_SERVER_FAILED][{'tracking_id': 'KALMAR_1_WED_06_05_26_004', 'error': 'HTTPConnectionPool(host=\'localhost\', port=8080): Max retries exceeded with url: /YARD/yardKalmar/failed-ocr (Caused by NewConnectionError("HTTPConnection(host=\'localhost\', port=8080): Failed to establish a new connection: [WinError 10061] No connection could be made because the target machine actively refused it"))'}]
[17:11:41.467][FAILED_OCR_LOCAL_ERROR][{'error': 'HTTPConnectionPool(host=\'localhost\', port=8080): Max retries exceeded with url: /YARD/yardKalmar/failed-ocr (Caused by NewConnectionError("HTTPConnection(host=\'localhost\', port=8080): Failed to establish a new connection: [WinError 10061] No connection could be made because the target machine actively refused it"))'}]
[17:11:42.486][A00003][OCR_ATTEMPT] {"tracking_id": "KALMAR_1_WED_06_05_26_004", "attempt": 2, "since_pickup_sec": 17.08}
[17:11:45.478][A00003][OCR_API_CALL] {"status": 200, "tracking_id": "KALMAR_1_WED_06_05_26_004"}
[17:11:49.537][FAILED_OCR_SERVER_FAILED][{'tracking_id': 'KALMAR_1_WED_06_05_26_004', 'error': 'HTTPConnectionPool(host=\'localhost\', port=8080): Max retries exceeded with url: /YARD/yardKalmar/failed-ocr (Caused by NewConnectionError("HTTPConnection(host=\'localhost\', port=8080): Failed to establish a new connection: [WinError 10061] No connection could be made because the target machine actively refused it"))'}]
[17:11:53.592][FAILED_OCR_LOCAL_ERROR][{'error': 'HTTPConnectionPool(host=\'localhost\', port=8080): Max retries exceeded with url: /YARD/yardKalmar/failed-ocr (Caused by NewConnectionError("HTTPConnection(host=\'localhost\', port=8080): Failed to establish a new connection: [WinError 10061] No connection could be made because the target machine actively refused it"))'}]
[17:11:54.534][A00003][OCR_ATTEMPT] {"tracking_id": "KALMAR_1_WED_06_05_26_004", "attempt": 3, "since_pickup_sec": 29.13}
[17:11:57.134][A00003][OCR_API_CALL] {"status": 200, "tracking_id": "KALMAR_1_WED_06_05_26_004"}
[17:12:01.196][FAILED_OCR_SERVER_FAILED][{'tracking_id': 'KALMAR_1_WED_06_05_26_004', 'error': 'HTTPConnectionPool(host=\'localhost\', port=8080): Max retries exceeded with url: /YARD/yardKalmar/failed-ocr (Caused by NewConnectionError("HTTPConnection(host=\'localhost\', port=8080): Failed to establish a new connection: [WinError 10061] No connection could be made because the target machine actively refused it"))'}]
[17:12:05.275][FAILED_OCR_LOCAL_ERROR][{'error': 'HTTPConnectionPool(host=\'localhost\', port=8080): Max retries exceeded with url: /YARD/yardKalmar/failed-ocr (Caused by NewConnectionError("HTTPConnection(host=\'localhost\', port=8080): Failed to establish a new connection: [WinError 10061] No connection could be made because the target machine actively refused it"))'}]
[17:12:06.588][A00003][OCR_ATTEMPT] {"tracking_id": "KALMAR_1_WED_06_05_26_004", "attempt": 4, "since_pickup_sec": 41.18}
[17:12:14.618][A00003][OCR_API_CALL] {"status": 200, "tracking_id": "KALMAR_1_WED_06_05_26_004"}
[17:12:18.719][FAILED_OCR_SERVER_FAILED][{'tracking_id': 'KALMAR_1_WED_06_05_26_004', 'error': 'HTTPConnectionPool(host=\'localhost\', port=8080): Max retries exceeded with url: /YARD/yardKalmar/failed-ocr (Caused by NewConnectionError("HTTPConnection(host=\'localhost\', port=8080): Failed to establish a new connection: [WinError 10061] No connection could be made because the target machine actively refused it"))'}]
[17:12:22.796][FAILED_OCR_LOCAL_ERROR][{'error': 'HTTPConnectionPool(host=\'localhost\', port=8080): Max retries exceeded with url: /YARD/yardKalmar/failed-ocr (Caused by NewConnectionError("HTTPConnection(host=\'localhost\', port=8080): Failed to establish a new connection: [WinError 10061] No connection could be made because the target machine actively refused it"))'}]
[17:12:22.844][A00003][OCR_ATTEMPT] {"tracking_id": "KALMAR_1_WED_06_05_26_004", "attempt": 5, "since_pickup_sec": 57.44}
[17:12:30.845][A00003][OCR_API_CALL] {"status": 200, "tracking_id": "KALMAR_1_WED_06_05_26_004"}
[17:12:34.933][FAILED_OCR_SERVER_FAILED][{'tracking_id': 'KALMAR_1_WED_06_05_26_004', 'error': 'HTTPConnectionPool(host=\'localhost\', port=8080): Max retries exceeded with url: /YARD/yardKalmar/failed-ocr (Caused by NewConnectionError("HTTPConnection(host=\'localhost\', port=8080): Failed to establish a new connection: [WinError 10061] No connection could be made because the target machine actively refused it"))'}]
[17:12:39.032][FAILED_OCR_LOCAL_ERROR][{'error': 'HTTPConnectionPool(host=\'localhost\', port=8080): Max retries exceeded with url: /YARD/yardKalmar/failed-ocr (Caused by NewConnectionError("HTTPConnection(host=\'localhost\', port=8080): Failed to establish a new connection: [WinError 10061] No connection could be made because the target machine actively refused it"))'}]
[17:12:39.066][A00003][OCR_ATTEMPT] {"tracking_id": "KALMAR_1_WED_06_05_26_004", "attempt": 6, "since_pickup_sec": 73.66}
[17:12:43.260][A00003][RESET_STATE]
[17:12:43.860][A00003][OCR_API_CALL] {"status": 200, "tracking_id": "KALMAR_1_WED_06_05_26_004"}
[17:12:47.970][FAILED_OCR_SERVER_FAILED][{'tracking_id': 'KALMAR_1_WED_06_05_26_004', 'error': 'HTTPConnectionPool(host=\'localhost\', port=8080): Max retries exceeded with url: /YARD/yardKalmar/failed-ocr (Caused by NewConnectionError("HTTPConnection(host=\'localhost\', port=8080): Failed to establish a new connection: [WinError 10061] No connection could be made because the target machine actively refused it"))'}]
[17:12:52.043][FAILED_OCR_LOCAL_ERROR][{'error': 'HTTPConnectionPool(host=\'localhost\', port=8080): Max retries exceeded with url: /YARD/yardKalmar/failed-ocr (Caused by NewConnectionError("HTTPConnection(host=\'localhost\', port=8080): Failed to establish a new connection: [WinError 10061] No connection could be made because the target machine actively refused it"))'}]
[17:15:30.061][A00003][TRACKING_ID_CREATED] {"tracking_id": "KALMAR_1_WED_06_05_26_005"}
[17:15:30.097][A00003][OCR_THREAD_STARTED]
[17:15:30.145][A00003][PICKED_REFERENCE_CAPTURED]
[17:15:30.194][A00003][OCR_ATTEMPT] {"tracking_id": "KALMAR_1_WED_06_05_26_005", "attempt": 1, "since_pickup_sec": 5.4}
[17:15:38.383][A00003][OCR_API_CALL] {"status": 200, "tracking_id": "KALMAR_1_WED_06_05_26_005"}
[17:15:42.453][FAILED_OCR_SERVER_FAILED][{'tracking_id': 'KALMAR_1_WED_06_05_26_005', 'error': 'HTTPConnectionPool(host=\'localhost\', port=8080): Max retries exceeded with url: /YARD/yardKalmar/failed-ocr (Caused by NewConnectionError("HTTPConnection(host=\'localhost\', port=8080): Failed to establish a new connection: [WinError 10061] No connection could be made because the target machine actively refused it"))'}]
[17:15:46.524][FAILED_OCR_LOCAL_ERROR][{'error': 'HTTPConnectionPool(host=\'localhost\', port=8080): Max retries exceeded with url: /YARD/yardKalmar/failed-ocr (Caused by NewConnectionError("HTTPConnection(host=\'localhost\', port=8080): Failed to establish a new connection: [WinError 10061] No connection could be made because the target machine actively refused it"))'}]
[17:15:46.583][A00003][OCR_ATTEMPT] {"tracking_id": "KALMAR_1_WED_06_05_26_005", "attempt": 2, "since_pickup_sec": 21.79}
[17:15:54.653][A00003][OCR_API_CALL] {"status": 200, "tracking_id": "KALMAR_1_WED_06_05_26_005"}
[17:15:58.706][FAILED_OCR_SERVER_FAILED][{'tracking_id': 'KALMAR_1_WED_06_05_26_005', 'error': 'HTTPConnectionPool(host=\'localhost\', port=8080): Max retries exceeded with url: /YARD/yardKalmar/failed-ocr (Caused by NewConnectionError("HTTPConnection(host=\'localhost\', port=8080): Failed to establish a new connection: [WinError 10061] No connection could be made because the target machine actively refused it"))'}]
[17:16:02.767][FAILED_OCR_LOCAL_ERROR][{'error': 'HTTPConnectionPool(host=\'localhost\', port=8080): Max retries exceeded with url: /YARD/yardKalmar/failed-ocr (Caused by NewConnectionError("HTTPConnection(host=\'localhost\', port=8080): Failed to establish a new connection: [WinError 10061] No connection could be made because the target machine actively refused it"))'}]
[17:16:02.808][A00003][OCR_ATTEMPT] {"tracking_id": "KALMAR_1_WED_06_05_26_005", "attempt": 3, "since_pickup_sec": 38.02}
[17:16:11.350][A00003][OCR_API_CALL] {"status": 200, "tracking_id": "KALMAR_1_WED_06_05_26_005"}
[17:16:15.429][FAILED_OCR_SERVER_FAILED][{'tracking_id': 'KALMAR_1_WED_06_05_26_005', 'error': 'HTTPConnectionPool(host=\'localhost\', port=8080): Max retries exceeded with url: /YARD/yardKalmar/failed-ocr (Caused by NewConnectionError("HTTPConnection(host=\'localhost\', port=8080): Failed to establish a new connection: [WinError 10061] No connection could be made because the target machine actively refused it"))'}]
[17:16:19.512][FAILED_OCR_LOCAL_ERROR][{'error': 'HTTPConnectionPool(host=\'localhost\', port=8080): Max retries exceeded with url: /YARD/yardKalmar/failed-ocr (Caused by NewConnectionError("HTTPConnection(host=\'localhost\', port=8080): Failed to establish a new connection: [WinError 10061] No connection could be made because the target machine actively refused it"))'}]
[17:16:19.586][A00003][OCR_ATTEMPT] {"tracking_id": "KALMAR_1_WED_06_05_26_005", "attempt": 4, "since_pickup_sec": 54.79}
[17:16:28.890][A00003][OCR_API_CALL] {"status": 200, "tracking_id": "KALMAR_1_WED_06_05_26_005"}
[17:16:32.989][FAILED_OCR_SERVER_FAILED][{'tracking_id': 'KALMAR_1_WED_06_05_26_005', 'error': 'HTTPConnectionPool(host=\'localhost\', port=8080): Max retries exceeded with url: /YARD/yardKalmar/failed-ocr (Caused by NewConnectionError("HTTPConnection(host=\'localhost\', port=8080): Failed to establish a new connection: [WinError 10061] No connection could be made because the target machine actively refused it"))'}]
[17:16:37.073][FAILED_OCR_LOCAL_ERROR][{'error': 'HTTPConnectionPool(host=\'localhost\', port=8080): Max retries exceeded with url: /YARD/yardKalmar/failed-ocr (Caused by NewConnectionError("HTTPConnection(host=\'localhost\', port=8080): Failed to establish a new connection: [WinError 10061] No connection could be made because the target machine actively refused it"))'}]
[17:16:37.082][A00003][OCR_ATTEMPT] {"tracking_id": "KALMAR_1_WED_06_05_26_005", "attempt": 5, "since_pickup_sec": 72.29}
[17:16:45.262][A00003][OCR_API_CALL] {"status": 200, "tracking_id": "KALMAR_1_WED_06_05_26_005"}
[17:16:49.339][FAILED_OCR_SERVER_FAILED][{'tracking_id': 'KALMAR_1_WED_06_05_26_005', 'error': 'HTTPConnectionPool(host=\'localhost\', port=8080): Max retries exceeded with url: /YARD/yardKalmar/failed-ocr (Caused by NewConnectionError("HTTPConnection(host=\'localhost\', port=8080): Failed to establish a new connection: [WinError 10061] No connection could be made because the target machine actively refused it"))'}]
[17:16:53.446][FAILED_OCR_LOCAL_ERROR][{'error': 'HTTPConnectionPool(host=\'localhost\', port=8080): Max retries exceeded with url: /YARD/yardKalmar/failed-ocr (Caused by NewConnectionError("HTTPConnection(host=\'localhost\', port=8080): Failed to establish a new connection: [WinError 10061] No connection could be made because the target machine actively refused it"))'}]
[17:16:53.526][A00003][OCR_ATTEMPT] {"tracking_id": "KALMAR_1_WED_06_05_26_005", "attempt": 6, "since_pickup_sec": 88.73}
[17:17:01.580][A00003][OCR_API_CALL] {"status": 200, "tracking_id": "KALMAR_1_WED_06_05_26_005"}
[17:17:05.675][FAILED_OCR_SERVER_FAILED][{'tracking_id': 'KALMAR_1_WED_06_05_26_005', 'error': 'HTTPConnectionPool(host=\'localhost\', port=8080): Max retries exceeded with url: /YARD/yardKalmar/failed-ocr (Caused by NewConnectionError("HTTPConnection(host=\'localhost\', port=8080): Failed to establish a new connection: [WinError 10061] No connection could be made because the target machine actively refused it"))'}]
[17:17:09.755][FAILED_OCR_LOCAL_ERROR][{'error': 'HTTPConnectionPool(host=\'localhost\', port=8080): Max retries exceeded with url: /YARD/yardKalmar/failed-ocr (Caused by NewConnectionError("HTTPConnection(host=\'localhost\', port=8080): Failed to establish a new connection: [WinError 10061] No connection could be made because the target machine actively refused it"))'}]
[17:17:09.794][A00003][OCR_ATTEMPT] {"tracking_id": "KALMAR_1_WED_06_05_26_005", "attempt": 7, "since_pickup_sec": 105.0}
[17:17:17.905][A00003][OCR_API_CALL] {"status": 200, "tracking_id": "KALMAR_1_WED_06_05_26_005"}
[17:17:22.022][FAILED_OCR_SERVER_FAILED][{'tracking_id': 'KALMAR_1_WED_06_05_26_005', 'error': 'HTTPConnectionPool(host=\'localhost\', port=8080): Max retries exceeded with url: /YARD/yardKalmar/failed-ocr (Caused by NewConnectionError("HTTPConnection(host=\'localhost\', port=8080): Failed to establish a new connection: [WinError 10061] No connection could be made because the target machine actively refused it"))'}]
[17:17:26.123][FAILED_OCR_LOCAL_ERROR][{'error': 'HTTPConnectionPool(host=\'localhost\', port=8080): Max retries exceeded with url: /YARD/yardKalmar/failed-ocr (Caused by NewConnectionError("HTTPConnection(host=\'localhost\', port=8080): Failed to establish a new connection: [WinError 10061] No connection could be made because the target machine actively refused it"))'}]
[17:17:26.220][A00003][OCR_ATTEMPT] {"tracking_id": "KALMAR_1_WED_06_05_26_005", "attempt": 8, "since_pickup_sec": 121.43}
[17:17:34.108][A00003][OCR_API_CALL] {"status": 200, "tracking_id": "KALMAR_1_WED_06_05_26_005"}
[17:17:38.179][FAILED_OCR_SERVER_FAILED][{'tracking_id': 'KALMAR_1_WED_06_05_26_005', 'error': 'HTTPConnectionPool(host=\'localhost\', port=8080): Max retries exceeded with url: /YARD/yardKalmar/failed-ocr (Caused by NewConnectionError("HTTPConnection(host=\'localhost\', port=8080): Failed to establish a new connection: [WinError 10061] No connection could be made because the target machine actively refused it"))'}]
[17:17:42.253][FAILED_OCR_LOCAL_ERROR][{'error': 'HTTPConnectionPool(host=\'localhost\', port=8080): Max retries exceeded with url: /YARD/yardKalmar/failed-ocr (Caused by NewConnectionError("HTTPConnection(host=\'localhost\', port=8080): Failed to establish a new connection: [WinError 10061] No connection could be made because the target machine actively refused it"))'}]
[17:17:42.296][A00003][OCR_ATTEMPT] {"tracking_id": "KALMAR_1_WED_06_05_26_005", "attempt": 9, "since_pickup_sec": 137.5}
[17:17:50.220][A00003][OCR_API_CALL] {"status": 200, "tracking_id": "KALMAR_1_WED_06_05_26_005"}
[17:17:54.288][FAILED_OCR_SERVER_FAILED][{'tracking_id': 'KALMAR_1_WED_06_05_26_005', 'error': 'HTTPConnectionPool(host=\'localhost\', port=8080): Max retries exceeded with url: /YARD/yardKalmar/failed-ocr (Caused by NewConnectionError("HTTPConnection(host=\'localhost\', port=8080): Failed to establish a new connection: [WinError 10061] No connection could be made because the target machine actively refused it"))'}]
[17:17:58.365][FAILED_OCR_LOCAL_ERROR][{'error': 'HTTPConnectionPool(host=\'localhost\', port=8080): Max retries exceeded with url: /YARD/yardKalmar/failed-ocr (Caused by NewConnectionError("HTTPConnection(host=\'localhost\', port=8080): Failed to establish a new connection: [WinError 10061] No connection could be made because the target machine actively refused it"))'}]
[17:17:58.404][A00003][OCR_ATTEMPT] {"tracking_id": "KALMAR_1_WED_06_05_26_005", "attempt": 10, "since_pickup_sec": 153.61}
[17:18:06.280][A00003][OCR_API_CALL] {"status": 200, "tracking_id": "KALMAR_1_WED_06_05_26_005"}
[17:18:10.348][FAILED_OCR_SERVER_FAILED][{'tracking_id': 'KALMAR_1_WED_06_05_26_005', 'error': 'HTTPConnectionPool(host=\'localhost\', port=8080): Max retries exceeded with url: /YARD/yardKalmar/failed-ocr (Caused by NewConnectionError("HTTPConnection(host=\'localhost\', port=8080): Failed to establish a new connection: [WinError 10061] No connection could be made because the target machine actively refused it"))'}]
[17:18:14.432][FAILED_OCR_LOCAL_ERROR][{'error': 'HTTPConnectionPool(host=\'localhost\', port=8080): Max retries exceeded with url: /YARD/yardKalmar/failed-ocr (Caused by NewConnectionError("HTTPConnection(host=\'localhost\', port=8080): Failed to establish a new connection: [WinError 10061] No connection could be made because the target machine actively refused it"))'}]
[17:18:14.440][A00003][OCR_MAX_ATTEMPTS_REACHED]
[17:20:46.031][PLACED_DETECTED][{'kalmar_id': 'A00003', 'frame_ts_android_ms': 364245046, 'frame_time_human': '2026-05-06T17:20:46.031897'}]
[17:20:46.044][A00003][PLACED_FRAME_CAPTURED] {"frame_ts": 364245046}
[17:20:57.351][A00003][OCR_API_CALL_PLACED] {"status": 200, "tracking_id": "KALMAR_1_WED_06_05_26_005"}
[17:21:01.426][FAILED_OCR_SERVER_FAILED][{'tracking_id': 'KALMAR_1_WED_06_05_26_005', 'error': 'HTTPConnectionPool(host=\'localhost\', port=8080): Max retries exceeded with url: /YARD/yardKalmar/failed-ocr (Caused by NewConnectionError("HTTPConnection(host=\'localhost\', port=8080): Failed to establish a new connection: [WinError 10061] No connection could be made because the target machine actively refused it"))'}]
[17:21:05.500][FAILED_OCR_LOCAL_ERROR][{'error': 'HTTPConnectionPool(host=\'localhost\', port=8080): Max retries exceeded with url: /YARD/yardKalmar/failed-ocr (Caused by NewConnectionError("HTTPConnection(host=\'localhost\', port=8080): Failed to establish a new connection: [WinError 10061] No connection could be made because the target machine actively refused it"))'}]
[17:21:09.575][A00003][PLACED_API_MAIN_FAILED] {"error": "HTTPConnectionPool(host='localhost', port=8080): Max retries exceeded with url: /YARD/yardKalmar/receivePlacedAutoEventPythonList (Caused by NewConnectionError(\"HTTPConnection(host='localhost', port=8080): Failed to establish a new connection: [WinError 10061] No connection could be made because the target machine actively refused it\"))"}
[17:21:13.663][A00003][PLACED_API_LOCAL_ERROR] {"error": "HTTPConnectionPool(host='localhost', port=8080): Max retries exceeded with url: /YARD/yardKalmar/receivePlacedAutoEventLocal (Caused by NewConnectionError(\"HTTPConnection(host='localhost', port=8080): Failed to establish a new connection: [WinError 10061] No connection could be made because the target machine actively refused it\"))"}
[17:21:13.668][A00003][PLACED_EVENT_SENT] {"tracking_id": "KALMAR_1_WED_06_05_26_005", "container_no": "UNKNOWN_CONTAINER"}
[17:21:13.672][A00003][RESET_STATE]
[17:27:12.288][A00003][TRACKING_ID_CREATED] {"tracking_id": "KALMAR_1_WED_06_05_26_006"}
[17:27:12.288][A00003][OCR_THREAD_STARTED]
[17:27:12.297][A00003][PICKED_REFERENCE_CAPTURED]
[17:27:12.297][A00003][OCR_ATTEMPT] {"tracking_id": "KALMAR_1_WED_06_05_26_006", "attempt": 1, "since_pickup_sec": 5.06}
[17:27:15.871][A00003][OCR_API_CALL] {"status": 200, "tracking_id": "KALMAR_1_WED_06_05_26_006"}
[17:27:19.947][FAILED_OCR_SERVER_FAILED][{'tracking_id': 'KALMAR_1_WED_06_05_26_006', 'error': 'HTTPConnectionPool(host=\'localhost\', port=8080): Max retries exceeded with url: /YARD/yardKalmar/failed-ocr (Caused by NewConnectionError("HTTPConnection(host=\'localhost\', port=8080): Failed to establish a new connection: [WinError 10061] No connection could be made because the target machine actively refused it"))'}]
[17:27:24.007][FAILED_OCR_LOCAL_ERROR][{'error': 'HTTPConnectionPool(host=\'localhost\', port=8080): Max retries exceeded with url: /YARD/yardKalmar/failed-ocr (Caused by NewConnectionError("HTTPConnection(host=\'localhost\', port=8080): Failed to establish a new connection: [WinError 10061] No connection could be made because the target machine actively refused it"))'}]
[17:27:24.308][A00003][OCR_ATTEMPT] {"tracking_id": "KALMAR_1_WED_06_05_26_006", "attempt": 2, "since_pickup_sec": 17.07}
[17:27:29.034][A00003][OCR_API_CALL] {"status": 200, "tracking_id": "KALMAR_1_WED_06_05_26_006"}
[17:27:33.090][FAILED_OCR_SERVER_FAILED][{'tracking_id': 'KALMAR_1_WED_06_05_26_006', 'error': 'HTTPConnectionPool(host=\'localhost\', port=8080): Max retries exceeded with url: /YARD/yardKalmar/failed-ocr (Caused by NewConnectionError("HTTPConnection(host=\'localhost\', port=8080): Failed to establish a new connection: [WinError 10061] No connection could be made because the target machine actively refused it"))'}]
[17:27:37.135][FAILED_OCR_LOCAL_ERROR][{'error': 'HTTPConnectionPool(host=\'localhost\', port=8080): Max retries exceeded with url: /YARD/yardKalmar/failed-ocr (Caused by NewConnectionError("HTTPConnection(host=\'localhost\', port=8080): Failed to establish a new connection: [WinError 10061] No connection could be made because the target machine actively refused it"))'}]
[17:27:37.140][A00003][OCR_ATTEMPT] {"tracking_id": "KALMAR_1_WED_06_05_26_006", "attempt": 3, "since_pickup_sec": 29.9}
[17:27:41.817][A00003][OCR_API_CALL] {"status": 200, "tracking_id": "KALMAR_1_WED_06_05_26_006"}
[17:27:45.860][FAILED_OCR_SERVER_FAILED][{'tracking_id': 'KALMAR_1_WED_06_05_26_006', 'error': 'HTTPConnectionPool(host=\'localhost\', port=8080): Max retries exceeded with url: /YARD/yardKalmar/failed-ocr (Caused by NewConnectionError("HTTPConnection(host=\'localhost\', port=8080): Failed to establish a new connection: [WinError 10061] No connection could be made because the target machine actively refused it"))'}]
[17:27:48.685][A00003][RESET_STATE]
[17:27:49.936][FAILED_OCR_LOCAL_ERROR][{'error': 'HTTPConnectionPool(host=\'localhost\', port=8080): Max retries exceeded with url: /YARD/yardKalmar/failed-ocr (Caused by NewConnectionError("HTTPConnection(host=\'localhost\', port=8080): Failed to establish a new connection: [WinError 10061] No connection could be made because the target machine actively refused it"))'}]
[17:35:32.440][A00003][TRACKING_ID_CREATED] {"tracking_id": "KALMAR_1_WED_06_05_26_007"}
[17:35:32.442][A00003][OCR_THREAD_STARTED]
[17:35:32.456][A00003][PICKED_REFERENCE_CAPTURED]
[17:35:32.456][A00003][OCR_ATTEMPT] {"tracking_id": "KALMAR_1_WED_06_05_26_007", "attempt": 1, "since_pickup_sec": 5.25}
[17:35:37.173][A00003][OCR_API_CALL] {"status": 200, "tracking_id": "KALMAR_1_WED_06_05_26_007"}
[17:35:41.256][FAILED_OCR_SERVER_FAILED][{'tracking_id': 'KALMAR_1_WED_06_05_26_007', 'error': 'HTTPConnectionPool(host=\'localhost\', port=8080): Max retries exceeded with url: /YARD/yardKalmar/failed-ocr (Caused by NewConnectionError("HTTPConnection(host=\'localhost\', port=8080): Failed to establish a new connection: [WinError 10061] No connection could be made because the target machine actively refused it"))'}]
[17:35:45.366][FAILED_OCR_LOCAL_ERROR][{'error': 'HTTPConnectionPool(host=\'localhost\', port=8080): Max retries exceeded with url: /YARD/yardKalmar/failed-ocr (Caused by NewConnectionError("HTTPConnection(host=\'localhost\', port=8080): Failed to establish a new connection: [WinError 10061] No connection could be made because the target machine actively refused it"))'}]
[17:35:45.372][A00003][OCR_ATTEMPT] {"tracking_id": "KALMAR_1_WED_06_05_26_007", "attempt": 2, "since_pickup_sec": 18.16}
[17:35:49.943][A00003][OCR_API_CALL] {"status": 200, "tracking_id": "KALMAR_1_WED_06_05_26_007"}
[17:35:54.004][FAILED_OCR_SERVER_FAILED][{'tracking_id': 'KALMAR_1_WED_06_05_26_007', 'error': 'HTTPConnectionPool(host=\'localhost\', port=8080): Max retries exceeded with url: /YARD/yardKalmar/failed-ocr (Caused by NewConnectionError("HTTPConnection(host=\'localhost\', port=8080): Failed to establish a new connection: [WinError 10061] No connection could be made because the target machine actively refused it"))'}]
[17:35:58.087][FAILED_OCR_LOCAL_ERROR][{'error': 'HTTPConnectionPool(host=\'localhost\', port=8080): Max retries exceeded with url: /YARD/yardKalmar/failed-ocr (Caused by NewConnectionError("HTTPConnection(host=\'localhost\', port=8080): Failed to establish a new connection: [WinError 10061] No connection could be made because the target machine actively refused it"))'}]
[17:35:58.103][A00003][OCR_ATTEMPT] {"tracking_id": "KALMAR_1_WED_06_05_26_007", "attempt": 3, "since_pickup_sec": 30.9}
[17:36:02.715][A00003][OCR_API_CALL] {"status": 200, "tracking_id": "KALMAR_1_WED_06_05_26_007"}
[17:36:06.770][FAILED_OCR_SERVER_FAILED][{'tracking_id': 'KALMAR_1_WED_06_05_26_007', 'error': 'HTTPConnectionPool(host=\'localhost\', port=8080): Max retries exceeded with url: /YARD/yardKalmar/failed-ocr (Caused by NewConnectionError("HTTPConnection(host=\'localhost\', port=8080): Failed to establish a new connection: [WinError 10061] No connection could be made because the target machine actively refused it"))'}]
[17:36:10.851][FAILED_OCR_LOCAL_ERROR][{'error': 'HTTPConnectionPool(host=\'localhost\', port=8080): Max retries exceeded with url: /YARD/yardKalmar/failed-ocr (Caused by NewConnectionError("HTTPConnection(host=\'localhost\', port=8080): Failed to establish a new connection: [WinError 10061] No connection could be made because the target machine actively refused it"))'}]
[17:36:10.868][A00003][OCR_ATTEMPT] {"tracking_id": "KALMAR_1_WED_06_05_26_007", "attempt": 4, "since_pickup_sec": 43.66}
[17:36:15.602][A00003][OCR_API_CALL] {"status": 200, "tracking_id": "KALMAR_1_WED_06_05_26_007"}
[17:36:19.668][FAILED_OCR_SERVER_FAILED][{'tracking_id': 'KALMAR_1_WED_06_05_26_007', 'error': 'HTTPConnectionPool(host=\'localhost\', port=8080): Max retries exceeded with url: /YARD/yardKalmar/failed-ocr (Caused by NewConnectionError("HTTPConnection(host=\'localhost\', port=8080): Failed to establish a new connection: [WinError 10061] No connection could be made because the target machine actively refused it"))'}]
[17:36:23.748][FAILED_OCR_LOCAL_ERROR][{'error': 'HTTPConnectionPool(host=\'localhost\', port=8080): Max retries exceeded with url: /YARD/yardKalmar/failed-ocr (Caused by NewConnectionError("HTTPConnection(host=\'localhost\', port=8080): Failed to establish a new connection: [WinError 10061] No connection could be made because the target machine actively refused it"))'}]
[17:36:23.767][A00003][OCR_ATTEMPT] {"tracking_id": "KALMAR_1_WED_06_05_26_007", "attempt": 5, "since_pickup_sec": 56.56}
[17:36:28.446][A00003][OCR_API_CALL] {"status": 200, "tracking_id": "KALMAR_1_WED_06_05_26_007"}
[17:36:32.533][FAILED_OCR_SERVER_FAILED][{'tracking_id': 'KALMAR_1_WED_06_05_26_007', 'error': 'HTTPConnectionPool(host=\'localhost\', port=8080): Max retries exceeded with url: /YARD/yardKalmar/failed-ocr (Caused by NewConnectionError("HTTPConnection(host=\'localhost\', port=8080): Failed to establish a new connection: [WinError 10061] No connection could be made because the target machine actively refused it"))'}]
[17:36:36.633][FAILED_OCR_LOCAL_ERROR][{'error': 'HTTPConnectionPool(host=\'localhost\', port=8080): Max retries exceeded with url: /YARD/yardKalmar/failed-ocr (Caused by NewConnectionError("HTTPConnection(host=\'localhost\', port=8080): Failed to establish a new connection: [WinError 10061] No connection could be made because the target machine actively refused it"))'}]
[17:36:36.655][A00003][OCR_ATTEMPT] {"tracking_id": "KALMAR_1_WED_06_05_26_007", "attempt": 6, "since_pickup_sec": 69.45}
[17:36:41.281][A00003][OCR_API_CALL] {"status": 200, "tracking_id": "KALMAR_1_WED_06_05_26_007"}
[17:36:45.348][FAILED_OCR_SERVER_FAILED][{'tracking_id': 'KALMAR_1_WED_06_05_26_007', 'error': 'HTTPConnectionPool(host=\'localhost\', port=8080): Max retries exceeded with url: /YARD/yardKalmar/failed-ocr (Caused by NewConnectionError("HTTPConnection(host=\'localhost\', port=8080): Failed to establish a new connection: [WinError 10061] No connection could be made because the target machine actively refused it"))'}]
[17:36:49.397][FAILED_OCR_LOCAL_ERROR][{'error': 'HTTPConnectionPool(host=\'localhost\', port=8080): Max retries exceeded with url: /YARD/yardKalmar/failed-ocr (Caused by NewConnectionError("HTTPConnection(host=\'localhost\', port=8080): Failed to establish a new connection: [WinError 10061] No connection could be made because the target machine actively refused it"))'}]
[17:36:49.424][A00003][OCR_ATTEMPT] {"tracking_id": "KALMAR_1_WED_06_05_26_007", "attempt": 7, "since_pickup_sec": 82.22}
[17:36:54.196][A00003][OCR_API_CALL] {"status": 200, "tracking_id": "KALMAR_1_WED_06_05_26_007"}
[17:36:58.262][FAILED_OCR_SERVER_FAILED][{'tracking_id': 'KALMAR_1_WED_06_05_26_007', 'error': 'HTTPConnectionPool(host=\'localhost\', port=8080): Max retries exceeded with url: /YARD/yardKalmar/failed-ocr (Caused by NewConnectionError("HTTPConnection(host=\'localhost\', port=8080): Failed to establish a new connection: [WinError 10061] No connection could be made because the target machine actively refused it"))'}]
[17:37:02.328][FAILED_OCR_LOCAL_ERROR][{'error': 'HTTPConnectionPool(host=\'localhost\', port=8080): Max retries exceeded with url: /YARD/yardKalmar/failed-ocr (Caused by NewConnectionError("HTTPConnection(host=\'localhost\', port=8080): Failed to establish a new connection: [WinError 10061] No connection could be made because the target machine actively refused it"))'}]
[17:37:02.362][A00003][OCR_ATTEMPT] {"tracking_id": "KALMAR_1_WED_06_05_26_007", "attempt": 8, "since_pickup_sec": 95.15}
[17:37:06.778][A00003][OCR_API_CALL] {"status": 200, "tracking_id": "KALMAR_1_WED_06_05_26_007"}
[17:37:07.862][A00003][RESET_STATE]
[17:37:10.860][FAILED_OCR_SERVER_FAILED][{'tracking_id': 'KALMAR_1_WED_06_05_26_007', 'error': 'HTTPConnectionPool(host=\'localhost\', port=8080): Max retries exceeded with url: /YARD/yardKalmar/failed-ocr (Caused by NewConnectionError("HTTPConnection(host=\'localhost\', port=8080): Failed to establish a new connection: [WinError 10061] No connection could be made because the target machine actively refused it"))'}]
[17:37:14.943][FAILED_OCR_LOCAL_ERROR][{'error': 'HTTPConnectionPool(host=\'localhost\', port=8080): Max retries exceeded with url: /YARD/yardKalmar/failed-ocr (Caused by NewConnectionError("HTTPConnection(host=\'localhost\', port=8080): Failed to establish a new connection: [WinError 10061] No connection could be made because the target machine actively refused it"))'}]
[17:48:28.334][A00003][TRACKING_ID_CREATED] {"tracking_id": "KALMAR_1_WED_06_05_26_008"}
[17:48:28.334][A00003][OCR_THREAD_STARTED]
[17:48:28.340][A00003][OCR_ATTEMPT] {"tracking_id": "KALMAR_1_WED_06_05_26_008", "attempt": 1, "since_pickup_sec": 5.03}
[17:48:28.340][A00003][PICKED_REFERENCE_CAPTURED]
[17:48:31.241][A00003][OCR_API_CALL] {"status": 200, "tracking_id": "KALMAR_1_WED_06_05_26_008"}
[17:48:35.347][FAILED_OCR_SERVER_FAILED][{'tracking_id': 'KALMAR_1_WED_06_05_26_008', 'error': 'HTTPConnectionPool(host=\'localhost\', port=8080): Max retries exceeded with url: /YARD/yardKalmar/failed-ocr (Caused by NewConnectionError("HTTPConnection(host=\'localhost\', port=8080): Failed to establish a new connection: [WinError 10061] No connection could be made because the target machine actively refused it"))'}]
[17:48:39.412][A00003][RESET_STATE]
[17:48:39.415][FAILED_OCR_LOCAL_ERROR][{'error': 'HTTPConnectionPool(host=\'localhost\', port=8080): Max retries exceeded with url: /YARD/yardKalmar/failed-ocr (Caused by NewConnectionError("HTTPConnection(host=\'localhost\', port=8080): Failed to establish a new connection: [WinError 10061] No connection could be made because the target machine actively refused it"))'}]
[17:48:39.419][A00003][OCR_STOP_NO_TIMER]
[17:50:15.384][A00003][TRACKING_ID_CREATED] {"tracking_id": "KALMAR_1_WED_06_05_26_009"}
[17:50:15.384][A00003][OCR_THREAD_STARTED]
[17:50:15.384][A00003][PICKED_REFERENCE_CAPTURED]
[17:50:15.399][A00003][OCR_ATTEMPT] {"tracking_id": "KALMAR_1_WED_06_05_26_009", "attempt": 1, "since_pickup_sec": 5.08}
[17:50:18.399][A00003][OCR_API_CALL] {"status": 200, "tracking_id": "KALMAR_1_WED_06_05_26_009"}
[17:50:22.453][FAILED_OCR_SERVER_FAILED][{'tracking_id': 'KALMAR_1_WED_06_05_26_009', 'error': 'HTTPConnectionPool(host=\'localhost\', port=8080): Max retries exceeded with url: /YARD/yardKalmar/failed-ocr (Caused by NewConnectionError("HTTPConnection(host=\'localhost\', port=8080): Failed to establish a new connection: [WinError 10061] No connection could be made because the target machine actively refused it"))'}]
[17:50:26.507][FAILED_OCR_LOCAL_ERROR][{'error': 'HTTPConnectionPool(host=\'localhost\', port=8080): Max retries exceeded with url: /YARD/yardKalmar/failed-ocr (Caused by NewConnectionError("HTTPConnection(host=\'localhost\', port=8080): Failed to establish a new connection: [WinError 10061] No connection could be made because the target machine actively refused it"))'}]
[17:50:27.409][A00003][OCR_ATTEMPT] {"tracking_id": "KALMAR_1_WED_06_05_26_009", "attempt": 2, "since_pickup_sec": 17.09}
[17:50:30.463][A00003][OCR_API_CALL] {"status": 200, "tracking_id": "KALMAR_1_WED_06_05_26_009"}
[17:50:34.538][FAILED_OCR_SERVER_FAILED][{'tracking_id': 'KALMAR_1_WED_06_05_26_009', 'error': 'HTTPConnectionPool(host=\'localhost\', port=8080): Max retries exceeded with url: /YARD/yardKalmar/failed-ocr (Caused by NewConnectionError("HTTPConnection(host=\'localhost\', port=8080): Failed to establish a new connection: [WinError 10061] No connection could be made because the target machine actively refused it"))'}]
[17:50:38.601][FAILED_OCR_LOCAL_ERROR][{'error': 'HTTPConnectionPool(host=\'localhost\', port=8080): Max retries exceeded with url: /YARD/yardKalmar/failed-ocr (Caused by NewConnectionError("HTTPConnection(host=\'localhost\', port=8080): Failed to establish a new connection: [WinError 10061] No connection could be made because the target machine actively refused it"))'}]
[17:50:39.434][A00003][OCR_ATTEMPT] {"tracking_id": "KALMAR_1_WED_06_05_26_009", "attempt": 3, "since_pickup_sec": 29.12}
[17:50:42.401][A00003][OCR_API_CALL] {"status": 200, "tracking_id": "KALMAR_1_WED_06_05_26_009"}
[17:50:46.486][FAILED_OCR_SERVER_FAILED][{'tracking_id': 'KALMAR_1_WED_06_05_26_009', 'error': 'HTTPConnectionPool(host=\'localhost\', port=8080): Max retries exceeded with url: /YARD/yardKalmar/failed-ocr (Caused by NewConnectionError("HTTPConnection(host=\'localhost\', port=8080): Failed to establish a new connection: [WinError 10061] No connection could be made because the target machine actively refused it"))'}]
[17:50:50.543][FAILED_OCR_LOCAL_ERROR][{'error': 'HTTPConnectionPool(host=\'localhost\', port=8080): Max retries exceeded with url: /YARD/yardKalmar/failed-ocr (Caused by NewConnectionError("HTTPConnection(host=\'localhost\', port=8080): Failed to establish a new connection: [WinError 10061] No connection could be made because the target machine actively refused it"))'}]
[17:50:51.452][A00003][OCR_ATTEMPT] {"tracking_id": "KALMAR_1_WED_06_05_26_009", "attempt": 4, "since_pickup_sec": 41.13}
[17:50:54.458][A00003][OCR_API_CALL] {"status": 200, "tracking_id": "KALMAR_1_WED_06_05_26_009"}
[17:50:58.531][FAILED_OCR_SERVER_FAILED][{'tracking_id': 'KALMAR_1_WED_06_05_26_009', 'error': 'HTTPConnectionPool(host=\'localhost\', port=8080): Max retries exceeded with url: /YARD/yardKalmar/failed-ocr (Caused by NewConnectionError("HTTPConnection(host=\'localhost\', port=8080): Failed to establish a new connection: [WinError 10061] No connection could be made because the target machine actively refused it"))'}]
[17:51:02.583][FAILED_OCR_LOCAL_ERROR][{'error': 'HTTPConnectionPool(host=\'localhost\', port=8080): Max retries exceeded with url: /YARD/yardKalmar/failed-ocr (Caused by NewConnectionError("HTTPConnection(host=\'localhost\', port=8080): Failed to establish a new connection: [WinError 10061] No connection could be made because the target machine actively refused it"))'}]
[17:51:03.485][A00003][OCR_ATTEMPT] {"tracking_id": "KALMAR_1_WED_06_05_26_009", "attempt": 5, "since_pickup_sec": 53.17}
[17:51:06.279][A00003][OCR_API_CALL] {"status": 200, "tracking_id": "KALMAR_1_WED_06_05_26_009"}
[17:51:10.344][FAILED_OCR_SERVER_FAILED][{'tracking_id': 'KALMAR_1_WED_06_05_26_009', 'error': 'HTTPConnectionPool(host=\'localhost\', port=8080): Max retries exceeded with url: /YARD/yardKalmar/failed-ocr (Caused by NewConnectionError("HTTPConnection(host=\'localhost\', port=8080): Failed to establish a new connection: [WinError 10061] No connection could be made because the target machine actively refused it"))'}]
[17:51:14.408][FAILED_OCR_LOCAL_ERROR][{'error': 'HTTPConnectionPool(host=\'localhost\', port=8080): Max retries exceeded with url: /YARD/yardKalmar/failed-ocr (Caused by NewConnectionError("HTTPConnection(host=\'localhost\', port=8080): Failed to establish a new connection: [WinError 10061] No connection could be made because the target machine actively refused it"))'}]
[17:51:14.442][A00003][RESET_STATE]
[17:53:40.168][A00003][TRACKING_ID_CREATED] {"tracking_id": "KALMAR_1_WED_06_05_26_010"}
[17:53:40.168][A00003][OCR_THREAD_STARTED]
[17:53:40.172][A00003][PICKED_REFERENCE_CAPTURED]
[17:53:40.174][A00003][OCR_ATTEMPT] {"tracking_id": "KALMAR_1_WED_06_05_26_010", "attempt": 1, "since_pickup_sec": 5.05}
[17:53:43.126][A00003][OCR_API_CALL] {"status": 200, "tracking_id": "KALMAR_1_WED_06_05_26_010"}
[17:53:47.174][FAILED_OCR_SERVER_FAILED][{'tracking_id': 'KALMAR_1_WED_06_05_26_010', 'error': 'HTTPConnectionPool(host=\'localhost\', port=8080): Max retries exceeded with url: /YARD/yardKalmar/failed-ocr (Caused by NewConnectionError("HTTPConnection(host=\'localhost\', port=8080): Failed to establish a new connection: [WinError 10061] No connection could be made because the target machine actively refused it"))'}]
[17:53:51.240][FAILED_OCR_LOCAL_ERROR][{'error': 'HTTPConnectionPool(host=\'localhost\', port=8080): Max retries exceeded with url: /YARD/yardKalmar/failed-ocr (Caused by NewConnectionError("HTTPConnection(host=\'localhost\', port=8080): Failed to establish a new connection: [WinError 10061] No connection could be made because the target machine actively refused it"))'}]
[17:53:52.219][A00003][OCR_ATTEMPT] {"tracking_id": "KALMAR_1_WED_06_05_26_010", "attempt": 2, "since_pickup_sec": 17.1}
[17:53:54.826][A00003][OCR_API_CALL] {"status": 200, "tracking_id": "KALMAR_1_WED_06_05_26_010"}
[17:53:58.904][FAILED_OCR_SERVER_FAILED][{'tracking_id': 'KALMAR_1_WED_06_05_26_010', 'error': 'HTTPConnectionPool(host=\'localhost\', port=8080): Max retries exceeded with url: /YARD/yardKalmar/failed-ocr (Caused by NewConnectionError("HTTPConnection(host=\'localhost\', port=8080): Failed to establish a new connection: [WinError 10061] No connection could be made because the target machine actively refused it"))'}]
[17:54:02.981][FAILED_OCR_LOCAL_ERROR][{'error': 'HTTPConnectionPool(host=\'localhost\', port=8080): Max retries exceeded with url: /YARD/yardKalmar/failed-ocr (Caused by NewConnectionError("HTTPConnection(host=\'localhost\', port=8080): Failed to establish a new connection: [WinError 10061] No connection could be made because the target machine actively refused it"))'}]
[17:54:04.263][A00003][OCR_ATTEMPT] {"tracking_id": "KALMAR_1_WED_06_05_26_010", "attempt": 3, "since_pickup_sec": 29.14}
[17:54:06.850][A00003][OCR_API_CALL] {"status": 200, "tracking_id": "KALMAR_1_WED_06_05_26_010"}
[17:54:10.924][FAILED_OCR_SERVER_FAILED][{'tracking_id': 'KALMAR_1_WED_06_05_26_010', 'error': 'HTTPConnectionPool(host=\'localhost\', port=8080): Max retries exceeded with url: /YARD/yardKalmar/failed-ocr (Caused by NewConnectionError("HTTPConnection(host=\'localhost\', port=8080): Failed to establish a new connection: [WinError 10061] No connection could be made because the target machine actively refused it"))'}]
[17:54:15.008][FAILED_OCR_LOCAL_ERROR][{'error': 'HTTPConnectionPool(host=\'localhost\', port=8080): Max retries exceeded with url: /YARD/yardKalmar/failed-ocr (Caused by NewConnectionError("HTTPConnection(host=\'localhost\', port=8080): Failed to establish a new connection: [WinError 10061] No connection could be made because the target machine actively refused it"))'}]
[17:54:16.285][A00003][OCR_ATTEMPT] {"tracking_id": "KALMAR_1_WED_06_05_26_010", "attempt": 4, "since_pickup_sec": 41.16}
[17:54:21.937][A00003][OCR_API_CALL] {"status": 200, "tracking_id": "KALMAR_1_WED_06_05_26_010"}
[17:54:25.919][A00003][RESET_STATE]
[17:54:26.041][FAILED_OCR_SERVER_FAILED][{'tracking_id': 'KALMAR_1_WED_06_05_26_010', 'error': 'HTTPConnectionPool(host=\'localhost\', port=8080): Max retries exceeded with url: /YARD/yardKalmar/failed-ocr (Caused by NewConnectionError("HTTPConnection(host=\'localhost\', port=8080): Failed to establish a new connection: [WinError 10061] No connection could be made because the target machine actively refused it"))'}]
[17:54:30.149][FAILED_OCR_LOCAL_ERROR][{'error': 'HTTPConnectionPool(host=\'localhost\', port=8080): Max retries exceeded with url: /YARD/yardKalmar/failed-ocr (Caused by NewConnectionError("HTTPConnection(host=\'localhost\', port=8080): Failed to establish a new connection: [WinError 10061] No connection could be made because the target machine actively refused it"))'}]
