{"time": "2026-05-08 10:36:20.019", "kalmar_id": "A00003", "step": "YOLO_NO_DETECTION", "message": "No container region detected"}
{"time": "2026-05-08 10:36:32.546", "kalmar_id": "A00003", "step": "BLUR_CHECK", "blur_score": 1951.31, "is_blurry": "False"}
{"time": "2026-05-08 10:36:44.230", "kalmar_id": "A00003", "step": "OCR_READ", "raw_text": "TGCU20317", "final_iso": "", "processing_time_sec": 13.362}
{"time": "2026-05-08 10:36:44.230", "kalmar_id": "A00003", "step": "OCR_FAILED", "raw_text": "TGCU20317", "processing_time_sec": 13.362}
{"time": "2026-05-08 10:36:56.239", "kalmar_id": "A00003", "step": "BLUR_CHECK", "blur_score": 1951.31, "is_blurry": "False"}
{"time": "2026-05-08 10:37:01.390", "kalmar_id": "A00003", "step": "OCR_READ", "raw_text": "TGCU20317", "final_iso": "", "processing_time_sec": 6.666}
{"time": "2026-05-08 10:37:01.390", "kalmar_id": "A00003", "step": "OCR_FAILED", "raw_text": "TGCU20317", "processing_time_sec": 6.666}
{"time": "2026-05-08 10:37:13.450", "kalmar_id": "A00003", "step": "BLUR_CHECK", "blur_score": 1951.31, "is_blurry": "False"}
{"time": "2026-05-08 10:37:17.753", "kalmar_id": "A00003", "step": "OCR_READ", "raw_text": "TGCU20317", "final_iso": "", "processing_time_sec": 5.796}
{"time": "2026-05-08 10:37:17.755", "kalmar_id": "A00003", "step": "OCR_FAILED", "raw_text": "TGCU20317", "processing_time_sec": 5.798}
{"time": "2026-05-08 10:37:29.881", "kalmar_id": "A00003", "step": "BLUR_CHECK", "blur_score": 1951.31, "is_blurry": "False"}
{"time": "2026-05-08 10:37:34.023", "kalmar_id": "A00003", "step": "OCR_READ", "raw_text": "TGCU20317", "final_iso": "", "processing_time_sec": 5.547}
{"time": "2026-05-08 10:37:34.023", "kalmar_id": "A00003", "step": "OCR_FAILED", "raw_text": "TGCU20317", "processing_time_sec": 5.547}
{"time": "2026-05-08 10:37:45.784", "kalmar_id": "A00003", "step": "BLUR_CHECK", "blur_score": 1951.31, "is_blurry": "False"}
{"time": "2026-05-08 10:37:50.595", "kalmar_id": "A00003", "step": "OCR_READ", "raw_text": "TGCU20317", "final_iso": "", "processing_time_sec": 6.133}
{"time": "2026-05-08 10:37:50.600", "kalmar_id": "A00003", "step": "OCR_FAILED", "raw_text": "TGCU20317", "processing_time_sec": 6.138}
{"time": "2026-05-08 10:38:02.470", "kalmar_id": "A00003", "step": "BLUR_CHECK", "blur_score": 1951.31, "is_blurry": "False"}
{"time": "2026-05-08 10:38:06.927", "kalmar_id": "A00003", "step": "OCR_READ", "raw_text": "TGCU20317", "final_iso": "", "processing_time_sec": 5.833}
{"time": "2026-05-08 10:38:06.929", "kalmar_id": "A00003", "step": "OCR_FAILED", "raw_text": "TGCU20317", "processing_time_sec": 5.835}
{"time": "2026-05-08 10:38:18.819", "kalmar_id": "A00003", "step": "BLUR_CHECK", "blur_score": 1951.31, "is_blurry": "False"}
{"time": "2026-05-08 10:38:23.223", "kalmar_id": "A00003", "step": "OCR_READ", "raw_text": "TGCU20317", "final_iso": "", "processing_time_sec": 5.812}
{"time": "2026-05-08 10:38:23.223", "kalmar_id": "A00003", "step": "OCR_FAILED", "raw_text": "TGCU20317", "processing_time_sec": 5.812}
{"time": "2026-05-08 10:38:35.278", "kalmar_id": "A00003", "step": "BLUR_CHECK", "blur_score": 1951.31, "is_blurry": "False"}
{"time": "2026-05-08 10:38:39.779", "kalmar_id": "A00003", "step": "OCR_READ", "raw_text": "TGCU20317", "final_iso": "", "processing_time_sec": 6.088}
{"time": "2026-05-08 10:38:39.781", "kalmar_id": "A00003", "step": "OCR_FAILED", "raw_text": "TGCU20317", "processing_time_sec": 6.088}
{"time": "2026-05-08 10:38:51.415", "kalmar_id": "A00003", "step": "BLUR_CHECK", "blur_score": 1951.31, "is_blurry": "False"}
{"time": "2026-05-08 10:38:53.930", "kalmar_id": "A00003", "step": "OCR_READ", "raw_text": "TGCU20317", "final_iso": "", "processing_time_sec": 3.59}
{"time": "2026-05-08 10:38:53.960", "kalmar_id": "A00003", "step": "OCR_FAILED", "raw_text": "TGCU20317", "processing_time_sec": 3.62}
{"time": "2026-05-08 10:40:04.165", "kalmar_id": "A00003", "step": "BLUR_CHECK", "blur_score": 2084.47, "is_blurry": "False"}
{"time": "2026-05-08 10:40:09.724", "kalmar_id": "A00003", "step": "OCR_READ", "raw_text": "CBHU587690", "final_iso": "CBHU5876908", "processing_time_sec": 6.182}
{"time": "2026-05-08 10:40:09.860", "kalmar_id": "A00003", "step": "OCR_SUCCESS", "container_number": "CBHU5876908", "processing_time_sec": 6.317}
{"time": "2026-05-08 10:40:22.794", "kalmar_id": "A00003", "step": "BLUR_CHECK", "blur_score": 2074.57, "is_blurry": "False"}
{"time": "2026-05-08 10:40:27.545", "kalmar_id": "A00003", "step": "OCR_READ", "raw_text": "CBHU587690", "final_iso": "CBHU5876908", "processing_time_sec": 6.763}
{"time": "2026-05-08 10:40:27.573", "kalmar_id": "A00003", "step": "OCR_SUCCESS", "container_number": "CBHU5876908", "processing_time_sec": 6.791}
{"time": "2026-05-08 10:40:40.565", "kalmar_id": "A00003", "step": "BLUR_CHECK", "blur_score": 2086.54, "is_blurry": "False"}
{"time": "2026-05-08 10:40:46.129", "kalmar_id": "A00003", "step": "OCR_READ", "raw_text": "CBHU5876908", "final_iso": "CBHU5876908", "processing_time_sec": 8.044}
{"time": "2026-05-08 10:40:46.157", "kalmar_id": "A00003", "step": "OCR_SUCCESS", "container_number": "CBHU5876908", "processing_time_sec": 8.072}
{"time": "2026-05-08 10:40:58.994", "kalmar_id": "A00003", "step": "BLUR_CHECK", "blur_score": 2133.97, "is_blurry": "False"}
{"time": "2026-05-08 10:41:04.466", "kalmar_id": "A00003", "step": "OCR_READ", "raw_text": "CBHU587690", "final_iso": "CBHU5876908", "processing_time_sec": 7.756}
{"time": "2026-05-08 10:41:04.521", "kalmar_id": "A00003", "step": "OCR_SUCCESS", "container_number": "CBHU5876908", "processing_time_sec": 7.811}
{"time": "2026-05-08 10:41:17.253", "kalmar_id": "A00003", "step": "BLUR_CHECK", "blur_score": 1964.61, "is_blurry": "False"}
{"time": "2026-05-08 10:41:22.652", "kalmar_id": "A00003", "step": "OCR_READ", "raw_text": "CBHU587690", "final_iso": "CBHU5876908", "processing_time_sec": 7.682}
{"time": "2026-05-08 10:41:22.666", "kalmar_id": "A00003", "step": "OCR_SUCCESS", "container_number": "CBHU5876908", "processing_time_sec": 7.696}
{"time": "2026-05-08 11:13:34.660", "kalmar_id": "A00003", "step": "YOLO_NO_DETECTION", "message": "No container region detected"}
{"time": "2026-05-08 11:13:46.492", "kalmar_id": "A00003", "step": "YOLO_NO_DETECTION", "message": "No container region detected"}
{"time": "2026-05-08 11:13:58.570", "kalmar_id": "A00003", "step": "YOLO_NO_DETECTION", "message": "No container region detected"}
{"time": "2026-05-08 11:14:14.106", "kalmar_id": "A00003", "step": "YOLO_NO_DETECTION", "message": "No container region detected"}
{"time": "2026-05-08 11:14:26.002", "kalmar_id": "A00003", "step": "YOLO_NO_DETECTION", "message": "No container region detected"}
{"time": "2026-05-08 11:14:37.996", "kalmar_id": "A00003", "step": "YOLO_NO_DETECTION", "message": "No container region detected"}
{"time": "2026-05-08 11:16:57.744", "kalmar_id": "A00003", "step": "BLUR_CHECK", "blur_score": 5250.0, "is_blurry": "False"}
{"time": "2026-05-08 11:17:03.873", "kalmar_id": "A00003", "step": "OCR_READ", "raw_text": "LMC1312754", "final_iso": "LMCU1312754", "processing_time_sec": 7.139}
{"time": "2026-05-08 11:17:03.888", "kalmar_id": "A00003", "step": "OCR_SUCCESS", "container_number": "LMCU1312754", "processing_time_sec": 7.154}
{"time": "2026-05-08 11:17:14.970", "kalmar_id": "A00003", "step": "BLUR_CHECK", "blur_score": 4171.71, "is_blurry": "False"}
{"time": "2026-05-08 11:17:17.321", "kalmar_id": "A00003", "step": "OCR_READ", "raw_text": "LMCU1312154", "final_iso": "LMCU1312158", "processing_time_sec": 2.988}
{"time": "2026-05-08 11:17:17.329", "kalmar_id": "A00003", "step": "OCR_SUCCESS", "container_number": "LMCU1312158", "processing_time_sec": 2.997}
{"time": "2026-05-08 11:17:30.235", "kalmar_id": "A00003", "step": "BLUR_CHECK", "blur_score": 4195.81, "is_blurry": "False"}
{"time": "2026-05-08 11:17:35.924", "kalmar_id": "A00003", "step": "OCR_READ", "raw_text": "LMC131275A", "final_iso": "LMCU1312754", "processing_time_sec": 8.044}
{"time": "2026-05-08 11:17:35.956", "kalmar_id": "A00003", "step": "OCR_SUCCESS", "container_number": "LMCU1312754", "processing_time_sec": 8.075}
{"time": "2026-05-08 11:19:12.311", "kalmar_id": "A00003", "step": "BLUR_CHECK", "blur_score": 4736.67, "is_blurry": "False"}
{"time": "2026-05-08 11:19:16.403", "kalmar_id": "A00003", "step": "OCR_READ", "raw_text": "LMC1312754", "final_iso": "LMCU1312754", "processing_time_sec": 5.11}
{"time": "2026-05-08 11:19:16.415", "kalmar_id": "A00003", "step": "OCR_SUCCESS", "container_number": "LMCU1312754", "processing_time_sec": 5.123}
{"time": "2026-05-08 11:19:27.691", "kalmar_id": "A00003", "step": "BLUR_CHECK", "blur_score": 223.15, "is_blurry": "False"}
{"time": "2026-05-08 11:19:32.007", "kalmar_id": "A00003", "step": "OCR_READ", "raw_text": "22G12754", "final_iso": "", "processing_time_sec": 5.204}
{"time": "2026-05-08 11:19:32.009", "kalmar_id": "A00003", "step": "OCR_FAILED", "raw_text": "22G12754", "processing_time_sec": 5.206}
{"time": "2026-05-08 11:19:43.362", "kalmar_id": "A00003", "step": "BLUR_CHECK", "blur_score": 4448.24, "is_blurry": "False"}
{"time": "2026-05-08 11:19:48.158", "kalmar_id": "A00003", "step": "OCR_READ", "raw_text": "LMC1312754", "final_iso": "LMCU1312754", "processing_time_sec": 5.818}
{"time": "2026-05-08 11:19:48.169", "kalmar_id": "A00003", "step": "OCR_SUCCESS", "container_number": "LMCU1312754", "processing_time_sec": 5.828}
{"time": "2026-05-08 11:19:59.438", "kalmar_id": "A00003", "step": "YOLO_NO_DETECTION", "message": "No container region detected"}
{"time": "2026-05-08 11:28:32.895", "kalmar_id": "A00003", "step": "BLUR_CHECK", "blur_score": 2702.56, "is_blurry": "False"}
{"time": "2026-05-08 11:28:38.262", "kalmar_id": "A00003", "step": "OCR_READ", "raw_text": "IGB0251027", "final_iso": "IGBU0251021", "processing_time_sec": 10.31}
{"time": "2026-05-08 11:28:38.332", "kalmar_id": "A00003", "step": "OCR_SUCCESS", "container_number": "IGBU0251021", "processing_time_sec": 10.38}
{"time": "2026-05-08 11:28:53.792", "kalmar_id": "A00003", "step": "BLUR_CHECK", "blur_score": 6891.15, "is_blurry": "False"}
{"time": "2026-05-08 11:28:59.145", "kalmar_id": "A00003", "step": "OCR_READ", "raw_text": "TGBU251021", "final_iso": "TGBU2510210", "processing_time_sec": 9.954}
{"time": "2026-05-08 11:28:59.193", "kalmar_id": "A00003", "step": "OCR_SUCCESS", "container_number": "TGBU2510210", "processing_time_sec": 10.002}
{"time": "2026-05-08 11:29:15.338", "kalmar_id": "A00003", "step": "BLUR_CHECK", "blur_score": 3250.61, "is_blurry": "False"}
{"time": "2026-05-08 11:29:20.444", "kalmar_id": "A00003", "step": "OCR_READ", "raw_text": "TGBU251011", "final_iso": "TGBU2510117", "processing_time_sec": 10.235}
{"time": "2026-05-08 11:29:20.491", "kalmar_id": "A00003", "step": "OCR_SUCCESS", "container_number": "TGBU2510117", "processing_time_sec": 10.282}
{"time": "2026-05-08 11:29:38.774", "kalmar_id": "A00003", "step": "BLUR_CHECK", "blur_score": 3876.11, "is_blurry": "False"}
{"time": "2026-05-08 11:29:44.741", "kalmar_id": "A00003", "step": "OCR_READ", "raw_text": "TGBN51010", "final_iso": "", "processing_time_sec": 13.308}
{"time": "2026-05-08 11:29:44.772", "kalmar_id": "A00003", "step": "OCR_FAILED", "raw_text": "TGBN51010", "processing_time_sec": 13.34}
{"time": "2026-05-08 11:30:01.168", "kalmar_id": "A00003", "step": "BLUR_CHECK", "blur_score": 3921.41, "is_blurry": "False"}
{"time": "2026-05-08 11:30:06.317", "kalmar_id": "A00003", "step": "OCR_READ", "raw_text": "128025101", "final_iso": "", "processing_time_sec": 10.514}
{"time": "2026-05-08 11:30:06.326", "kalmar_id": "A00003", "step": "OCR_FAILED", "raw_text": "128025101", "processing_time_sec": 10.525}
{"time": "2026-05-08 11:30:22.071", "kalmar_id": "A00003", "step": "BLUR_CHECK", "blur_score": 3839.81, "is_blurry": "False"}
{"time": "2026-05-08 11:30:26.881", "kalmar_id": "A00003", "step": "OCR_READ", "raw_text": "TIBUN51010", "final_iso": "", "processing_time_sec": 9.607}
{"time": "2026-05-08 11:30:26.892", "kalmar_id": "A00003", "step": "OCR_FAILED", "raw_text": "TIBUN51010", "processing_time_sec": 9.618}
{"time": "2026-05-08 11:30:42.879", "kalmar_id": "A00003", "step": "BLUR_CHECK", "blur_score": 4144.71, "is_blurry": "False"}
{"time": "2026-05-08 11:30:48.071", "kalmar_id": "A00003", "step": "OCR_READ", "raw_text": "IGBU251010", "final_iso": "IGBU2510100", "processing_time_sec": 10.206}
{"time": "2026-05-08 11:30:48.112", "kalmar_id": "A00003", "step": "OCR_SUCCESS", "container_number": "IGBU2510100", "processing_time_sec": 10.247}
{"time": "2026-05-08 11:31:15.731", "kalmar_id": "A00003", "step": "BLUR_CHECK", "blur_score": 4594.28, "is_blurry": "False"}
{"time": "2026-05-08 11:31:20.311", "kalmar_id": "A00003", "step": "OCR_READ", "raw_text": "TABU01010", "final_iso": "", "processing_time_sec": 9.543}
{"time": "2026-05-08 11:31:20.318", "kalmar_id": "A00003", "step": "OCR_FAILED", "raw_text": "TABU01010", "processing_time_sec": 9.55}
{"time": "2026-05-08 11:31:35.810", "kalmar_id": "A00003", "step": "BLUR_CHECK", "blur_score": 3285.7, "is_blurry": "False"}
{"time": "2026-05-08 11:31:40.973", "kalmar_id": "A00003", "step": "OCR_READ", "raw_text": "TGBUN510210", "final_iso": "", "processing_time_sec": 9.693}
{"time": "2026-05-08 11:31:40.978", "kalmar_id": "A00003", "step": "OCR_FAILED", "raw_text": "TGBUN510210", "processing_time_sec": 9.698}
{"time": "2026-05-08 11:31:55.367", "kalmar_id": "A00003", "step": "BLUR_CHECK", "blur_score": 3454.23, "is_blurry": "False"}
{"time": "2026-05-08 11:31:59.822", "kalmar_id": "A00003", "step": "OCR_READ", "raw_text": "TGBUN51010", "final_iso": "", "processing_time_sec": 7.859}
{"time": "2026-05-08 11:31:59.824", "kalmar_id": "A00003", "step": "OCR_FAILED", "raw_text": "TGBUN51010", "processing_time_sec": 7.861}
{"time": "2026-05-08 11:34:27.803", "kalmar_id": "A00003", "step": "BLUR_CHECK", "blur_score": 1654.27, "is_blurry": "False"}
{"time": "2026-05-08 11:34:31.960", "kalmar_id": "A00003", "step": "OCR_READ", "raw_text": "TLLU8219120", "final_iso": "TLLU8219120", "processing_time_sec": 6.352}
{"time": "2026-05-08 11:34:31.981", "kalmar_id": "A00003", "step": "OCR_SUCCESS", "container_number": "TLLU8219120", "processing_time_sec": 6.374}
{"time": "2026-05-08 11:34:44.678", "kalmar_id": "A00003", "step": "BLUR_CHECK", "blur_score": 3589.49, "is_blurry": "False"}
{"time": "2026-05-08 11:34:48.500", "kalmar_id": "A00003", "step": "OCR_READ", "raw_text": "T68219120", "final_iso": "", "processing_time_sec": 5.996}
{"time": "2026-05-08 11:34:48.500", "kalmar_id": "A00003", "step": "OCR_FAILED", "raw_text": "T68219120", "processing_time_sec": 5.996}
{"time": "2026-05-08 11:35:01.298", "kalmar_id": "A00003", "step": "BLUR_CHECK", "blur_score": 1678.85, "is_blurry": "False"}
{"time": "2026-05-08 11:35:05.218", "kalmar_id": "A00003", "step": "OCR_READ", "raw_text": "TUG821912", "final_iso": "TUGU8219125", "processing_time_sec": 6.167}
{"time": "2026-05-08 11:35:05.238", "kalmar_id": "A00003", "step": "OCR_SUCCESS", "container_number": "TUGU8219125", "processing_time_sec": 6.188}
{"time": "2026-05-08 11:35:17.808", "kalmar_id": "A00003", "step": "BLUR_CHECK", "blur_score": 2010.68, "is_blurry": "False"}
{"time": "2026-05-08 11:35:21.742", "kalmar_id": "A00003", "step": "OCR_READ", "raw_text": "T6821912", "final_iso": "", "processing_time_sec": 6.052}
{"time": "2026-05-08 11:35:21.744", "kalmar_id": "A00003", "step": "OCR_FAILED", "raw_text": "T6821912", "processing_time_sec": 6.054}
{"time": "2026-05-08 11:35:34.493", "kalmar_id": "A00003", "step": "BLUR_CHECK", "blur_score": 3490.79, "is_blurry": "False"}
{"time": "2026-05-08 11:35:38.330", "kalmar_id": "A00003", "step": "OCR_READ", "raw_text": "TLU821912", "final_iso": "TLUU8219123", "processing_time_sec": 6.088}
{"time": "2026-05-08 11:35:38.354", "kalmar_id": "A00003", "step": "OCR_SUCCESS", "container_number": "TLUU8219123", "processing_time_sec": 6.111}
{"time": "2026-05-08 12:08:04.331", "kalmar_id": "A00003", "step": "BLUR_CHECK", "blur_score": 3693.62, "is_blurry": "False"}
{"time": "2026-05-08 12:08:07.806", "kalmar_id": "A00003", "step": "OCR_READ", "raw_text": "MSMU3016516", "final_iso": "MSMU3016516", "processing_time_sec": 4.184}
{"time": "2026-05-08 12:08:07.818", "kalmar_id": "A00003", "step": "OCR_SUCCESS", "container_number": "MSMU3016516", "processing_time_sec": 4.195}
{"time": "2026-05-08 12:08:14.409", "kalmar_id": "A00003", "step": "BLUR_CHECK", "blur_score": 1961.47, "is_blurry": "False"}
{"time": "2026-05-08 12:08:17.609", "kalmar_id": "A00003", "step": "OCR_READ", "raw_text": "MSMU3016516", "final_iso": "MSMU3016516", "processing_time_sec": 4.075}
{"time": "2026-05-08 12:08:17.619", "kalmar_id": "A00003", "step": "OCR_SUCCESS", "container_number": "MSMU3016516", "processing_time_sec": 4.085}
{"time": "2026-05-08 12:08:20.793", "kalmar_id": "A00003", "step": "YOLO_NO_DETECTION", "message": "No container region detected"}
{"time": "2026-05-08 12:09:47.878", "kalmar_id": "A00003", "step": "BLUR_CHECK", "blur_score": 2181.2, "is_blurry": "False"}
{"time": "2026-05-08 12:09:50.945", "kalmar_id": "A00003", "step": "OCR_READ", "raw_text": "MSMU3016516", "final_iso": "MSMU3016516", "processing_time_sec": 3.857}
{"time": "2026-05-08 12:09:50.952", "kalmar_id": "A00003", "step": "OCR_SUCCESS", "container_number": "MSMU3016516", "processing_time_sec": 3.864}
{"time": "2026-05-08 12:09:52.491", "kalmar_id": "A00003", "step": "YOLO_NO_DETECTION", "message": "No container region detected"}
{"time": "2026-05-08 12:10:16.567", "kalmar_id": "A00003", "step": "BLUR_CHECK", "blur_score": 2863.66, "is_blurry": "False"}
{"time": "2026-05-08 12:10:19.000", "kalmar_id": "A00003", "step": "OCR_READ", "raw_text": "MSMU3016516", "final_iso": "MSMU3016516", "processing_time_sec": 2.981}
{"time": "2026-05-08 12:10:19.000", "kalmar_id": "A00003", "step": "OCR_SUCCESS", "container_number": "MSMU3016516", "processing_time_sec": 2.981}
{"time": "2026-05-08 12:10:31.569", "kalmar_id": "A00003", "step": "BLUR_CHECK", "blur_score": 3351.09, "is_blurry": "False"}
{"time": "2026-05-08 12:10:35.888", "kalmar_id": "A00003", "step": "OCR_READ", "raw_text": "MSMU3016516", "final_iso": "MSMU3016516", "processing_time_sec": 6.485}
{"time": "2026-05-08 12:10:35.902", "kalmar_id": "A00003", "step": "OCR_SUCCESS", "container_number": "MSMU3016516", "processing_time_sec": 6.499}
{"time": "2026-05-08 12:10:48.433", "kalmar_id": "A00003", "step": "BLUR_CHECK", "blur_score": 4699.77, "is_blurry": "False"}
{"time": "2026-05-08 12:10:52.749", "kalmar_id": "A00003", "step": "OCR_READ", "raw_text": "MSM30161516", "final_iso": "MSMU3016157", "processing_time_sec": 6.375}
{"time": "2026-05-08 12:10:52.773", "kalmar_id": "A00003", "step": "OCR_SUCCESS", "container_number": "MSMU3016157", "processing_time_sec": 6.399}
{"time": "2026-05-08 12:11:05.335", "kalmar_id": "A00003", "step": "BLUR_CHECK", "blur_score": 5318.59, "is_blurry": "False"}
{"time": "2026-05-08 12:11:09.311", "kalmar_id": "A00003", "step": "OCR_READ", "raw_text": "MSU3016516", "final_iso": "MSUU3016515", "processing_time_sec": 6.042}
{"time": "2026-05-08 12:11:09.336", "kalmar_id": "A00003", "step": "OCR_SUCCESS", "container_number": "MSUU3016515", "processing_time_sec": 6.067}
{"time": "2026-05-08 12:11:21.789", "kalmar_id": "A00003", "step": "BLUR_CHECK", "blur_score": 5438.5, "is_blurry": "False"}
{"time": "2026-05-08 12:11:25.739", "kalmar_id": "A00003", "step": "OCR_READ", "raw_text": "MSMU3016516", "final_iso": "MSMU3016516", "processing_time_sec": 5.941}
{"time": "2026-05-08 12:11:25.759", "kalmar_id": "A00003", "step": "OCR_SUCCESS", "container_number": "MSMU3016516", "processing_time_sec": 5.961}
{"time": "2026-05-08 12:11:41.499", "kalmar_id": "A00003", "step": "BLUR_CHECK", "blur_score": 3316.18, "is_blurry": "False"}
{"time": "2026-05-08 12:11:46.939", "kalmar_id": "A00003", "step": "OCR_READ", "raw_text": "M240301616", "final_iso": "", "processing_time_sec": 10.525}
{"time": "2026-05-08 12:11:46.959", "kalmar_id": "A00003", "step": "OCR_FAILED", "raw_text": "M240301616", "processing_time_sec": 10.545}
{"time": "2026-05-08 12:12:00.101", "kalmar_id": "A00003", "step": "BLUR_CHECK", "blur_score": 1400.19, "is_blurry": "False"}
{"time": "2026-05-08 12:12:04.140", "kalmar_id": "A00003", "step": "OCR_READ", "raw_text": "MUC2016516", "final_iso": "MUCU2016515", "processing_time_sec": 6.11}
{"time": "2026-05-08 12:12:04.156", "kalmar_id": "A00003", "step": "OCR_SUCCESS", "container_number": "MUCU2016515", "processing_time_sec": 6.125}
{"time": "2026-05-08 12:12:16.817", "kalmar_id": "A00003", "step": "BLUR_CHECK", "blur_score": 1300.57, "is_blurry": "False"}
{"time": "2026-05-08 12:12:20.804", "kalmar_id": "A00003", "step": "OCR_READ", "raw_text": "MSM3016516", "final_iso": "MSMU3016516", "processing_time_sec": 6.172}
{"time": "2026-05-08 12:12:20.828", "kalmar_id": "A00003", "step": "OCR_SUCCESS", "container_number": "MSMU3016516", "processing_time_sec": 6.197}
{"time": "2026-05-08 12:12:33.380", "kalmar_id": "A00003", "step": "BLUR_CHECK", "blur_score": 2312.21, "is_blurry": "False"}
{"time": "2026-05-08 12:12:37.416", "kalmar_id": "A00003", "step": "OCR_READ", "raw_text": "MSM3016516", "final_iso": "MSMU3016516", "processing_time_sec": 6.057}
{"time": "2026-05-08 12:12:37.450", "kalmar_id": "A00003", "step": "OCR_SUCCESS", "container_number": "MSMU3016516", "processing_time_sec": 6.091}
{"time": "2026-05-08 12:12:50.127", "kalmar_id": "A00003", "step": "BLUR_CHECK", "blur_score": 2340.92, "is_blurry": "False"}
{"time": "2026-05-08 12:12:54.134", "kalmar_id": "A00003", "step": "OCR_READ", "raw_text": "MMU3016516", "final_iso": "MMUU3016514", "processing_time_sec": 6.195}
{"time": "2026-05-08 12:12:54.149", "kalmar_id": "A00003", "step": "OCR_SUCCESS", "container_number": "MMUU3016514", "processing_time_sec": 6.211}
{"time": "2026-05-08 12:20:14.693", "kalmar_id": "A00003", "step": "BLUR_CHECK", "blur_score": 2215.19, "is_blurry": "False"}
{"time": "2026-05-08 12:20:19.621", "kalmar_id": "A00003", "step": "OCR_READ", "raw_text": "LMCU1294481", "final_iso": "LMCU1294481", "processing_time_sec": 9.961}
{"time": "2026-05-08 12:20:19.661", "kalmar_id": "A00003", "step": "OCR_SUCCESS", "container_number": "LMCU1294481", "processing_time_sec": 10.0}
{"time": "2026-05-08 12:20:33.309", "kalmar_id": "A00003", "step": "BLUR_CHECK", "blur_score": 3567.83, "is_blurry": "False"}
{"time": "2026-05-08 12:20:37.463", "kalmar_id": "A00003", "step": "OCR_READ", "raw_text": "MCU1294481", "final_iso": "MCUU1294481", "processing_time_sec": 6.874}
{"time": "2026-05-08 12:20:37.491", "kalmar_id": "A00003", "step": "OCR_SUCCESS", "container_number": "MCUU1294481", "processing_time_sec": 6.902}
{"time": "2026-05-08 12:20:50.975", "kalmar_id": "A00003", "step": "BLUR_CHECK", "blur_score": 3567.83, "is_blurry": "False"}
{"time": "2026-05-08 12:20:54.787", "kalmar_id": "A00003", "step": "OCR_READ", "raw_text": "MCU1294481", "final_iso": "MCUU1294481", "processing_time_sec": 6.713}
{"time": "2026-05-08 12:20:54.813", "kalmar_id": "A00003", "step": "OCR_SUCCESS", "container_number": "MCUU1294481", "processing_time_sec": 6.739}
{"time": "2026-05-08 12:21:08.229", "kalmar_id": "A00003", "step": "BLUR_CHECK", "blur_score": 3567.83, "is_blurry": "False"}
{"time": "2026-05-08 12:21:11.895", "kalmar_id": "A00003", "step": "OCR_READ", "raw_text": "MCU1294481", "final_iso": "MCUU1294481", "processing_time_sec": 6.506}
{"time": "2026-05-08 12:21:11.912", "kalmar_id": "A00003", "step": "OCR_SUCCESS", "container_number": "MCUU1294481", "processing_time_sec": 6.523}
{"time": "2026-05-08 12:21:25.377", "kalmar_id": "A00003", "step": "BLUR_CHECK", "blur_score": 3567.83, "is_blurry": "False"}
{"time": "2026-05-08 12:21:29.199", "kalmar_id": "A00003", "step": "OCR_READ", "raw_text": "MCU1294481", "final_iso": "MCUU1294481", "processing_time_sec": 6.725}
{"time": "2026-05-08 12:21:29.229", "kalmar_id": "A00003", "step": "OCR_SUCCESS", "container_number": "MCUU1294481", "processing_time_sec": 6.755}
{"time": "2026-05-08 12:21:42.649", "kalmar_id": "A00003", "step": "BLUR_CHECK", "blur_score": 3567.83, "is_blurry": "False"}
{"time": "2026-05-08 12:21:46.609", "kalmar_id": "A00003", "step": "OCR_READ", "raw_text": "MCU1294481", "final_iso": "MCUU1294481", "processing_time_sec": 6.839}
{"time": "2026-05-08 12:21:46.632", "kalmar_id": "A00003", "step": "OCR_SUCCESS", "container_number": "MCUU1294481", "processing_time_sec": 6.862}
{"time": "2026-05-08 12:22:00.169", "kalmar_id": "A00003", "step": "BLUR_CHECK", "blur_score": 3567.83, "is_blurry": "False"}
{"time": "2026-05-08 12:22:03.905", "kalmar_id": "A00003", "step": "OCR_READ", "raw_text": "MCU1294481", "final_iso": "MCUU1294481", "processing_time_sec": 6.663}
{"time": "2026-05-08 12:22:03.932", "kalmar_id": "A00003", "step": "OCR_SUCCESS", "container_number": "MCUU1294481", "processing_time_sec": 6.691}
{"time": "2026-05-08 12:22:17.294", "kalmar_id": "A00003", "step": "BLUR_CHECK", "blur_score": 3567.83, "is_blurry": "False"}
{"time": "2026-05-08 12:22:21.069", "kalmar_id": "A00003", "step": "OCR_READ", "raw_text": "MCU1294481", "final_iso": "MCUU1294481", "processing_time_sec": 6.584}
{"time": "2026-05-08 12:22:21.094", "kalmar_id": "A00003", "step": "OCR_SUCCESS", "container_number": "MCUU1294481", "processing_time_sec": 6.61}
{"time": "2026-05-08 12:22:34.659", "kalmar_id": "A00003", "step": "BLUR_CHECK", "blur_score": 3567.83, "is_blurry": "False"}
{"time": "2026-05-08 12:22:38.799", "kalmar_id": "A00003", "step": "OCR_READ", "raw_text": "MCU1294481", "final_iso": "MCUU1294481", "processing_time_sec": 7.08}
{"time": "2026-05-08 12:22:38.827", "kalmar_id": "A00003", "step": "OCR_SUCCESS", "container_number": "MCUU1294481", "processing_time_sec": 7.108}
{"time": "2026-05-08 12:22:55.737", "kalmar_id": "A00003", "step": "BLUR_CHECK", "blur_score": 3567.83, "is_blurry": "False"}
{"time": "2026-05-08 12:23:00.845", "kalmar_id": "A00003", "step": "OCR_READ", "raw_text": "MCU1294481", "final_iso": "MCUU1294481", "processing_time_sec": 11.455}
{"time": "2026-05-08 12:23:00.872", "kalmar_id": "A00003", "step": "OCR_SUCCESS", "container_number": "MCUU1294481", "processing_time_sec": 11.481}
{"time": "2026-05-08 12:31:51.276", "kalmar_id": "A00003", "step": "BLUR_CHECK", "blur_score": 5844.14, "is_blurry": "False"}
{"time": "2026-05-08 12:31:54.578", "kalmar_id": "A00003", "step": "OCR_READ", "raw_text": "N26G1N08481", "final_iso": "", "processing_time_sec": 7.124}
{"time": "2026-05-08 12:31:54.579", "kalmar_id": "A00003", "step": "OCR_FAILED", "raw_text": "N26G1N08481", "processing_time_sec": 7.125}
{"time": "2026-05-08 12:32:09.729", "kalmar_id": "A00003", "step": "BLUR_CHECK", "blur_score": 5264.99, "is_blurry": "False"}
{"time": "2026-05-08 12:32:14.448", "kalmar_id": "A00003", "step": "OCR_READ", "raw_text": "NCRN94481", "final_iso": "", "processing_time_sec": 9.459}
{"time": "2026-05-08 12:32:14.460", "kalmar_id": "A00003", "step": "OCR_FAILED", "raw_text": "NCRN94481", "processing_time_sec": 9.47}
{"time": "2026-05-08 12:32:26.114", "kalmar_id": "A00003", "step": "BLUR_CHECK", "blur_score": 3541.27, "is_blurry": "False"}
{"time": "2026-05-08 12:32:28.904", "kalmar_id": "A00003", "step": "OCR_READ", "raw_text": "MCU1794481", "final_iso": "MCUU1794487", "processing_time_sec": 3.565}
{"time": "2026-05-08 12:32:28.911", "kalmar_id": "A00003", "step": "OCR_SUCCESS", "container_number": "MCUU1794487", "processing_time_sec": 3.572}
{"time": "2026-05-08 12:32:40.763", "kalmar_id": "A00003", "step": "BLUR_CHECK", "blur_score": 4677.62, "is_blurry": "False"}
{"time": "2026-05-08 12:32:43.604", "kalmar_id": "A00003", "step": "OCR_READ", "raw_text": "LCU194481", "final_iso": "LCUU1944816", "processing_time_sec": 4.22}
{"time": "2026-05-08 12:32:43.618", "kalmar_id": "A00003", "step": "OCR_SUCCESS", "container_number": "LCUU1944816", "processing_time_sec": 4.233}
{"time": "2026-05-08 12:32:54.848", "kalmar_id": "A00003", "step": "BLUR_CHECK", "blur_score": 4434.62, "is_blurry": "False"}
{"time": "2026-05-08 12:32:57.806", "kalmar_id": "A00003", "step": "OCR_READ", "raw_text": "LMC1294481", "final_iso": "LMCU1294481", "processing_time_sec": 3.785}
{"time": "2026-05-08 12:32:57.809", "kalmar_id": "A00003", "step": "OCR_SUCCESS", "container_number": "LMCU1294481", "processing_time_sec": 3.788}
{"time": "2026-05-08 12:33:08.926", "kalmar_id": "A00003", "step": "YOLO_NO_DETECTION", "message": "No container region detected"}
{"time": "2026-05-08 12:33:25.454", "kalmar_id": "A00003", "step": "YOLO_NO_DETECTION", "message": "No container region detected"}
{"time": "2026-05-08 12:33:41.101", "kalmar_id": "A00003", "step": "BLUR_CHECK", "blur_score": 6231.35, "is_blurry": "False"}
{"time": "2026-05-08 12:33:46.432", "kalmar_id": "A00003", "step": "OCR_READ", "raw_text": "IMCJ194481", "final_iso": "IMCU1944813", "processing_time_sec": 9.883}
{"time": "2026-05-08 12:33:46.502", "kalmar_id": "A00003", "step": "OCR_SUCCESS", "container_number": "IMCU1944813", "processing_time_sec": 9.952}
{"time": "2026-05-08 12:34:03.203", "kalmar_id": "A00003", "step": "BLUR_CHECK", "blur_score": 5970.43, "is_blurry": "False"}
{"time": "2026-05-08 12:34:07.962", "kalmar_id": "A00003", "step": "OCR_READ", "raw_text": "LMC94481", "final_iso": "", "processing_time_sec": 10.071}
{"time": "2026-05-08 12:34:07.962", "kalmar_id": "A00003", "step": "OCR_FAILED", "raw_text": "LMC94481", "processing_time_sec": 10.071}
{"time": "2026-05-08 12:34:23.815", "kalmar_id": "A00003", "step": "BLUR_CHECK", "blur_score": 4521.92, "is_blurry": "False"}
{"time": "2026-05-08 12:34:28.809", "kalmar_id": "A00003", "step": "OCR_READ", "raw_text": "LM09794481", "final_iso": "LMOU9794480", "processing_time_sec": 9.89}
{"time": "2026-05-08 12:34:28.862", "kalmar_id": "A00003", "step": "OCR_SUCCESS", "container_number": "LMOU9794480", "processing_time_sec": 9.942}
{"time": "2026-05-08 12:49:22.246", "kalmar_id": "A00003", "step": "BLUR_CHECK", "blur_score": 3451.22, "is_blurry": "False"}
{"time": "2026-05-08 12:49:27.770", "kalmar_id": "A00003", "step": "OCR_READ", "raw_text": "22G1", "final_iso": "", "processing_time_sec": 5.798}
{"time": "2026-05-08 12:49:27.770", "kalmar_id": "A00003", "step": "OCR_FAILED", "raw_text": "22G1", "processing_time_sec": 5.798}
{"time": "2026-05-08 12:49:38.513", "kalmar_id": "A00003", "step": "BLUR_CHECK", "blur_score": 2974.07, "is_blurry": "False"}
{"time": "2026-05-08 12:49:40.224", "kalmar_id": "A00003", "step": "OCR_READ", "raw_text": "TGCU203174", "final_iso": "TGCU2031740", "processing_time_sec": 2.004}
{"time": "2026-05-08 12:49:40.235", "kalmar_id": "A00003", "step": "OCR_SUCCESS", "container_number": "TGCU2031740", "processing_time_sec": 2.015}
{"time": "2026-05-08 12:49:50.894", "kalmar_id": "A00003", "step": "BLUR_CHECK", "blur_score": 2979.66, "is_blurry": "False"}
{"time": "2026-05-08 12:49:53.863", "kalmar_id": "A00003", "step": "OCR_READ", "raw_text": "TGCU203174", "final_iso": "TGCU2031740", "processing_time_sec": 3.324}
{"time": "2026-05-08 12:49:53.878", "kalmar_id": "A00003", "step": "OCR_SUCCESS", "container_number": "TGCU2031740", "processing_time_sec": 3.34}
{"time": "2026-05-08 12:50:04.735", "kalmar_id": "A00003", "step": "BLUR_CHECK", "blur_score": 4707.08, "is_blurry": "False"}
{"time": "2026-05-08 12:50:08.085", "kalmar_id": "A00003", "step": "OCR_READ", "raw_text": "INLU2501698", "final_iso": "INLU2501696", "processing_time_sec": 3.845}
{"time": "2026-05-08 12:50:08.098", "kalmar_id": "A00003", "step": "OCR_SUCCESS", "container_number": "INLU2501696", "processing_time_sec": 3.858}
{"time": "2026-05-08 12:50:18.890", "kalmar_id": "A00003", "step": "BLUR_CHECK", "blur_score": 667.45, "is_blurry": "False"}
{"time": "2026-05-08 12:50:21.865", "kalmar_id": "A00003", "step": "OCR_READ", "raw_text": "INLU2501696", "final_iso": "INLU2501696", "processing_time_sec": 3.347}
{"time": "2026-05-08 12:50:21.880", "kalmar_id": "A00003", "step": "OCR_SUCCESS", "container_number": "INLU2501696", "processing_time_sec": 3.362}
{"time": "2026-05-08 12:50:32.700", "kalmar_id": "A00003", "step": "BLUR_CHECK", "blur_score": 905.2, "is_blurry": "False"}
{"time": "2026-05-08 12:50:35.780", "kalmar_id": "A00003", "step": "OCR_READ", "raw_text": "INLU2501696", "final_iso": "INLU2501696", "processing_time_sec": 3.501}
{"time": "2026-05-08 12:50:35.784", "kalmar_id": "A00003", "step": "OCR_SUCCESS", "container_number": "INLU2501696", "processing_time_sec": 3.505}
{"time": "2026-05-08 13:04:34.742", "kalmar_id": "A00003", "step": "BLUR_CHECK", "blur_score": 5725.93, "is_blurry": "False"}
{"time": "2026-05-08 13:04:41.747", "kalmar_id": "A00003", "step": "OCR_READ", "raw_text": "LMC1312754", "final_iso": "LMCU1312754", "processing_time_sec": 7.887}
{"time": "2026-05-08 13:04:41.750", "kalmar_id": "A00003", "step": "OCR_SUCCESS", "container_number": "LMCU1312754", "processing_time_sec": 7.89}
{"time": "2026-05-08 13:04:53.040", "kalmar_id": "A00003", "step": "BLUR_CHECK", "blur_score": 169.79, "is_blurry": "False"}
{"time": "2026-05-08 13:04:55.887", "kalmar_id": "A00003", "step": "OCR_READ", "raw_text": "F10172754", "final_iso": "", "processing_time_sec": 3.722}
{"time": "2026-05-08 13:04:55.887", "kalmar_id": "A00003", "step": "OCR_FAILED", "raw_text": "F10172754", "processing_time_sec": 3.722}
{"time": "2026-05-08 13:16:06.589", "kalmar_id": "A00003", "step": "BLUR_CHECK", "blur_score": 4041.84, "is_blurry": "False"}
{"time": "2026-05-08 13:16:10.366", "kalmar_id": "A00003", "step": "OCR_READ", "raw_text": "1MCU1312754", "final_iso": "", "processing_time_sec": 4.716}
{"time": "2026-05-08 13:16:10.366", "kalmar_id": "A00003", "step": "OCR_FAILED", "raw_text": "1MCU1312754", "processing_time_sec": 4.716}
{"time": "2026-05-08 13:16:21.670", "kalmar_id": "A00003", "step": "BLUR_CHECK", "blur_score": 624.35, "is_blurry": "False"}
{"time": "2026-05-08 13:16:24.734", "kalmar_id": "A00003", "step": "OCR_READ", "raw_text": "1390754", "final_iso": "", "processing_time_sec": 3.928}
{"time": "2026-05-08 13:16:24.734", "kalmar_id": "A00003", "step": "OCR_FAILED", "raw_text": "1390754", "processing_time_sec": 3.928}
{"time": "2026-05-08 13:16:35.985", "kalmar_id": "A00003", "step": "BLUR_CHECK", "blur_score": 286.54, "is_blurry": "False"}
{"time": "2026-05-08 13:16:39.107", "kalmar_id": "A00003", "step": "OCR_READ", "raw_text": "22G12154", "final_iso": "", "processing_time_sec": 3.961}
{"time": "2026-05-08 13:16:39.107", "kalmar_id": "A00003", "step": "OCR_FAILED", "raw_text": "22G12154", "processing_time_sec": 3.961}
{"time": "2026-05-08 13:16:50.440", "kalmar_id": "A00003", "step": "BLUR_CHECK", "blur_score": 3372.67, "is_blurry": "False"}
{"time": "2026-05-08 13:16:54.299", "kalmar_id": "A00003", "step": "OCR_READ", "raw_text": "IMCU1312754", "final_iso": "IMCU1312750", "processing_time_sec": 4.791}
{"time": "2026-05-08 13:16:54.311", "kalmar_id": "A00003", "step": "OCR_SUCCESS", "container_number": "IMCU1312750", "processing_time_sec": 4.803}
{"time": "2026-05-08 13:22:30.422", "kalmar_id": "A00003", "step": "BLUR_CHECK", "blur_score": 3791.88, "is_blurry": "False"}
{"time": "2026-05-08 13:22:33.804", "kalmar_id": "A00003", "step": "OCR_READ", "raw_text": "MSMU3016516", "final_iso": "MSMU3016516", "processing_time_sec": 4.312}
{"time": "2026-05-08 13:22:33.816", "kalmar_id": "A00003", "step": "OCR_SUCCESS", "container_number": "MSMU3016516", "processing_time_sec": 4.323}
{"time": "2026-05-08 13:22:40.867", "kalmar_id": "A00003", "step": "BLUR_CHECK", "blur_score": 1863.31, "is_blurry": "False"}
{"time": "2026-05-08 13:22:44.021", "kalmar_id": "A00003", "step": "OCR_READ", "raw_text": "MSMU3016516", "final_iso": "MSMU3016516", "processing_time_sec": 4.005}
{"time": "2026-05-08 13:22:44.021", "kalmar_id": "A00003", "step": "OCR_SUCCESS", "container_number": "MSMU3016516", "processing_time_sec": 4.005}
{"time": "2026-05-08 13:23:20.148", "kalmar_id": "A00003", "step": "BLUR_CHECK", "blur_score": 2280.8, "is_blurry": "False"}
{"time": "2026-05-08 13:23:24.510", "kalmar_id": "A00003", "step": "OCR_READ", "raw_text": "MSMU3016516", "final_iso": "MSMU3016516", "processing_time_sec": 6.385}
{"time": "2026-05-08 13:23:24.526", "kalmar_id": "A00003", "step": "OCR_SUCCESS", "container_number": "MSMU3016516", "processing_time_sec": 6.4}
{"time": "2026-05-08 13:23:37.151", "kalmar_id": "A00003", "step": "BLUR_CHECK", "blur_score": 3309.53, "is_blurry": "False"}
{"time": "2026-05-08 13:23:41.283", "kalmar_id": "A00003", "step": "OCR_READ", "raw_text": "MSMU3016516", "final_iso": "MSMU3016516", "processing_time_sec": 6.218}
{"time": "2026-05-08 13:23:41.301", "kalmar_id": "A00003", "step": "OCR_SUCCESS", "container_number": "MSMU3016516", "processing_time_sec": 6.236}
{"time": "2026-05-08 13:23:53.831", "kalmar_id": "A00003", "step": "BLUR_CHECK", "blur_score": 4988.68, "is_blurry": "False"}
{"time": "2026-05-08 13:23:58.136", "kalmar_id": "A00003", "step": "OCR_READ", "raw_text": "MSMU3016016", "final_iso": "MSMU3016012", "processing_time_sec": 6.366}
{"time": "2026-05-08 13:23:58.151", "kalmar_id": "A00003", "step": "OCR_SUCCESS", "container_number": "MSMU3016012", "processing_time_sec": 6.38}
{"time": "2026-05-08 13:24:10.659", "kalmar_id": "A00003", "step": "BLUR_CHECK", "blur_score": 4717.28, "is_blurry": "False"}
{"time": "2026-05-08 13:24:14.726", "kalmar_id": "A00003", "step": "OCR_READ", "raw_text": "MSM2016516", "final_iso": "MSMU2016511", "processing_time_sec": 6.04}
{"time": "2026-05-08 13:24:14.750", "kalmar_id": "A00003", "step": "OCR_SUCCESS", "container_number": "MSMU2016511", "processing_time_sec": 6.065}
{"time": "2026-05-08 13:24:27.172", "kalmar_id": "A00003", "step": "BLUR_CHECK", "blur_score": 5445.69, "is_blurry": "False"}
{"time": "2026-05-08 13:24:31.401", "kalmar_id": "A00003", "step": "OCR_READ", "raw_text": "MSM3016516", "final_iso": "MSMU3016516", "processing_time_sec": 6.19}
{"time": "2026-05-08 13:24:31.419", "kalmar_id": "A00003", "step": "OCR_SUCCESS", "container_number": "MSMU3016516", "processing_time_sec": 6.209}
{"time": "2026-05-08 13:24:43.817", "kalmar_id": "A00003", "step": "BLUR_CHECK", "blur_score": 5360.66, "is_blurry": "False"}
{"time": "2026-05-08 13:24:48.086", "kalmar_id": "A00003", "step": "OCR_READ", "raw_text": "MSMU2016516", "final_iso": "MSMU2016511", "processing_time_sec": 6.188}
{"time": "2026-05-08 13:24:48.106", "kalmar_id": "A00003", "step": "OCR_SUCCESS", "container_number": "MSMU2016511", "processing_time_sec": 6.207}
{"time": "2026-05-08 13:25:00.905", "kalmar_id": "A00003", "step": "BLUR_CHECK", "blur_score": 3271.91, "is_blurry": "False"}
{"time": "2026-05-08 13:25:04.831", "kalmar_id": "A00003", "step": "OCR_READ", "raw_text": "MSMU301616", "final_iso": "MSMU3016162", "processing_time_sec": 6.191}
{"time": "2026-05-08 13:25:04.853", "kalmar_id": "A00003", "step": "OCR_SUCCESS", "container_number": "MSMU3016162", "processing_time_sec": 6.212}
{"time": "2026-05-08 13:25:17.341", "kalmar_id": "A00003", "step": "BLUR_CHECK", "blur_score": 1275.36, "is_blurry": "False"}
{"time": "2026-05-08 13:25:21.311", "kalmar_id": "A00003", "step": "OCR_READ", "raw_text": "MUCO16516", "final_iso": "", "processing_time_sec": 6.01}
{"time": "2026-05-08 13:25:21.331", "kalmar_id": "A00003", "step": "OCR_FAILED", "raw_text": "MUCO16516", "processing_time_sec": 6.03}
{"time": "2026-05-08 13:25:33.804", "kalmar_id": "A00003", "step": "BLUR_CHECK", "blur_score": 996.36, "is_blurry": "False"}
{"time": "2026-05-08 13:25:37.827", "kalmar_id": "A00003", "step": "OCR_READ", "raw_text": "MUCO16516", "final_iso": "", "processing_time_sec": 6.036}
{"time": "2026-05-08 13:25:37.831", "kalmar_id": "A00003", "step": "OCR_FAILED", "raw_text": "MUCO16516", "processing_time_sec": 6.04}
{"time": "2026-05-08 13:25:50.207", "kalmar_id": "A00003", "step": "BLUR_CHECK", "blur_score": 2156.85, "is_blurry": "False"}
{"time": "2026-05-08 13:25:54.357", "kalmar_id": "A00003", "step": "OCR_READ", "raw_text": "MSMU3016516", "final_iso": "MSMU3016516", "processing_time_sec": 6.047}
{"time": "2026-05-08 13:25:54.382", "kalmar_id": "A00003", "step": "OCR_SUCCESS", "container_number": "MSMU3016516", "processing_time_sec": 6.072}
{"time": "2026-05-08 13:33:39.552", "kalmar_id": "A00003", "step": "BLUR_CHECK", "blur_score": 907.71, "is_blurry": "False"}
{"time": "2026-05-08 13:33:43.126", "kalmar_id": "A00003", "step": "OCR_READ", "raw_text": "INLU2501696", "final_iso": "INLU2501696", "processing_time_sec": 4.317}
{"time": "2026-05-08 13:33:43.136", "kalmar_id": "A00003", "step": "OCR_SUCCESS", "container_number": "INLU2501696", "processing_time_sec": 4.327}
{"time": "2026-05-08 17:34:29.320", "kalmar_id": "A00003", "step": "YOLO_NO_DETECTION", "message": "No container region detected"}
{"time": "2026-05-08 17:34:40.874", "kalmar_id": "A00003", "step": "BLUR_CHECK", "blur_score": 1278.96, "is_blurry": "False"}
{"time": "2026-05-08 17:34:46.167", "kalmar_id": "A00003", "step": "OCR_READ", "raw_text": "INLU250169", "final_iso": "INLU2501696", "processing_time_sec": 5.724}
{"time": "2026-05-08 17:34:46.177", "kalmar_id": "A00003", "step": "OCR_SUCCESS", "container_number": "INLU2501696", "processing_time_sec": 5.733}
{"time": "2026-05-08 17:34:58.717", "kalmar_id": "A00003", "step": "BLUR_CHECK", "blur_score": 2256.99, "is_blurry": "False"}
{"time": "2026-05-08 17:35:03.216", "kalmar_id": "A00003", "step": "OCR_READ", "raw_text": "ZLUN250169", "final_iso": "ZLUU2501692", "processing_time_sec": 6.704}
{"time": "2026-05-08 17:35:03.244", "kalmar_id": "A00003", "step": "OCR_SUCCESS", "container_number": "ZLUU2501692", "processing_time_sec": 6.732}
{"time": "2026-05-08 17:35:15.989", "kalmar_id": "A00003", "step": "BLUR_CHECK", "blur_score": 2442.6, "is_blurry": "False"}
{"time": "2026-05-08 17:35:20.024", "kalmar_id": "A00003", "step": "OCR_READ", "raw_text": "6910979", "final_iso": "", "processing_time_sec": 6.338}
{"time": "2026-05-08 17:35:20.024", "kalmar_id": "A00003", "step": "OCR_FAILED", "raw_text": "6910979", "processing_time_sec": 6.338}
{"time": "2026-05-08 17:35:32.721", "kalmar_id": "A00003", "step": "BLUR_CHECK", "blur_score": 2482.36, "is_blurry": "False"}
{"time": "2026-05-08 17:35:36.621", "kalmar_id": "A00003", "step": "OCR_READ", "raw_text": "NLDV1696", "final_iso": "", "processing_time_sec": 6.119}
{"time": "2026-05-08 17:35:36.621", "kalmar_id": "A00003", "step": "OCR_FAILED", "raw_text": "NLDV1696", "processing_time_sec": 6.119}
{"time": "2026-05-08 17:35:49.345", "kalmar_id": "A00003", "step": "BLUR_CHECK", "blur_score": 2203.48, "is_blurry": "False"}
{"time": "2026-05-08 17:35:53.374", "kalmar_id": "A00003", "step": "OCR_READ", "raw_text": "G1000169", "final_iso": "", "processing_time_sec": 6.262}
{"time": "2026-05-08 17:35:53.376", "kalmar_id": "A00003", "step": "OCR_FAILED", "raw_text": "G1000169", "processing_time_sec": 6.264}
{"time": "2026-05-08 17:36:06.018", "kalmar_id": "A00003", "step": "BLUR_CHECK", "blur_score": 730.87, "is_blurry": "False"}
{"time": "2026-05-08 17:36:10.537", "kalmar_id": "A00003", "step": "OCR_READ", "raw_text": "INLJ250169", "final_iso": "INLU2501696", "processing_time_sec": 6.686}
{"time": "2026-05-08 17:36:10.561", "kalmar_id": "A00003", "step": "OCR_SUCCESS", "container_number": "INLU2501696", "processing_time_sec": 6.71}
{"time": "2026-05-08 17:36:22.842", "kalmar_id": "A00003", "step": "BLUR_CHECK", "blur_score": 783.43, "is_blurry": "False"}
{"time": "2026-05-08 17:36:27.782", "kalmar_id": "A00003", "step": "OCR_READ", "raw_text": "INLU250169", "final_iso": "INLU2501696", "processing_time_sec": 6.79}
{"time": "2026-05-08 17:36:27.817", "kalmar_id": "A00003", "step": "OCR_SUCCESS", "container_number": "INLU2501696", "processing_time_sec": 6.825}
{"time": "2026-05-08 17:36:40.448", "kalmar_id": "A00003", "step": "BLUR_CHECK", "blur_score": 809.31, "is_blurry": "False"}
{"time": "2026-05-08 17:36:45.428", "kalmar_id": "A00003", "step": "OCR_READ", "raw_text": "INLU250169", "final_iso": "INLU2501696", "processing_time_sec": 7.151}
{"time": "2026-05-08 17:36:45.476", "kalmar_id": "A00003", "step": "OCR_SUCCESS", "container_number": "INLU2501696", "processing_time_sec": 7.198}
{"time": "2026-05-08 17:47:30.587", "kalmar_id": "A00003", "step": "BLUR_CHECK", "blur_score": 848.59, "is_blurry": "False"}
{"time": "2026-05-08 17:47:35.007", "kalmar_id": "A00003", "step": "OCR_READ", "raw_text": "INLU2501696", "final_iso": "INLU2501696", "processing_time_sec": 5.16}
{"time": "2026-05-08 17:47:35.023", "kalmar_id": "A00003", "step": "OCR_SUCCESS", "container_number": "INLU2501696", "processing_time_sec": 5.175}
{"time": "2026-05-08 17:47:46.119", "kalmar_id": "A00003", "step": "BLUR_CHECK", "blur_score": 1332.47, "is_blurry": "False"}
{"time": "2026-05-08 17:47:48.580", "kalmar_id": "A00003", "step": "OCR_READ", "raw_text": "INLU250169", "final_iso": "INLU2501696", "processing_time_sec": 3.177}
{"time": "2026-05-08 17:47:48.596", "kalmar_id": "A00003", "step": "OCR_SUCCESS", "container_number": "INLU2501696", "processing_time_sec": 3.193}
{"time": "2026-05-08 17:47:59.754", "kalmar_id": "A00003", "step": "BLUR_CHECK", "blur_score": 2684.04, "is_blurry": "False"}
{"time": "2026-05-08 17:48:02.633", "kalmar_id": "A00003", "step": "OCR_READ", "raw_text": "JLDN50169", "final_iso": "", "processing_time_sec": 3.664}
{"time": "2026-05-08 17:48:02.635", "kalmar_id": "A00003", "step": "OCR_FAILED", "raw_text": "JLDN50169", "processing_time_sec": 3.666}
{"time": "2026-05-08 17:48:13.698", "kalmar_id": "A00003", "step": "BLUR_CHECK", "blur_score": 2626.2, "is_blurry": "False"}
{"time": "2026-05-08 17:48:16.468", "kalmar_id": "A00003", "step": "OCR_READ", "raw_text": "NLDN016916", "final_iso": "NLDU0169160", "processing_time_sec": 3.504}
{"time": "2026-05-08 17:48:16.476", "kalmar_id": "A00003", "step": "OCR_SUCCESS", "container_number": "NLDU0169160", "processing_time_sec": 3.512}
{"time": "2026-05-08 17:48:27.414", "kalmar_id": "A00003", "step": "BLUR_CHECK", "blur_score": 2561.33, "is_blurry": "False"}
{"time": "2026-05-08 17:48:30.241", "kalmar_id": "A00003", "step": "OCR_READ", "raw_text": "L92016916", "final_iso": "", "processing_time_sec": 3.441}
{"time": "2026-05-08 17:48:30.241", "kalmar_id": "A00003", "step": "OCR_FAILED", "raw_text": "L92016916", "processing_time_sec": 3.441}
{"time": "2026-05-08 17:48:41.300", "kalmar_id": "A00003", "step": "BLUR_CHECK", "blur_score": 2612.99, "is_blurry": "False"}
{"time": "2026-05-08 17:48:44.172", "kalmar_id": "A00003", "step": "OCR_READ", "raw_text": "69107021", "final_iso": "", "processing_time_sec": 3.592}
{"time": "2026-05-08 17:48:44.172", "kalmar_id": "A00003", "step": "OCR_FAILED", "raw_text": "69107021", "processing_time_sec": 3.592}
{"time": "2026-05-08 17:48:55.229", "kalmar_id": "A00003", "step": "BLUR_CHECK", "blur_score": 2092.05, "is_blurry": "False"}
{"time": "2026-05-08 17:48:58.027", "kalmar_id": "A00003", "step": "OCR_READ", "raw_text": "6109024", "final_iso": "", "processing_time_sec": 3.506}
{"time": "2026-05-08 17:48:58.027", "kalmar_id": "A00003", "step": "OCR_FAILED", "raw_text": "6109024", "processing_time_sec": 3.506}
{"time": "2026-05-08 17:49:08.946", "kalmar_id": "A00003", "step": "BLUR_CHECK", "blur_score": 1909.3, "is_blurry": "False"}
{"time": "2026-05-08 17:49:11.759", "kalmar_id": "A00003", "step": "OCR_READ", "raw_text": "ZLDW07696", "final_iso": "", "processing_time_sec": 3.41}
{"time": "2026-05-08 17:49:11.761", "kalmar_id": "A00003", "step": "OCR_FAILED", "raw_text": "ZLDW07696", "processing_time_sec": 3.412}
{"time": "2026-05-08 17:49:22.810", "kalmar_id": "A00003", "step": "BLUR_CHECK", "blur_score": 633.71, "is_blurry": "False"}
{"time": "2026-05-08 17:49:25.619", "kalmar_id": "A00003", "step": "OCR_READ", "raw_text": "INL250169", "final_iso": "INLU2501696", "processing_time_sec": 3.544}
{"time": "2026-05-08 17:49:25.625", "kalmar_id": "A00003", "step": "OCR_SUCCESS", "container_number": "INLU2501696", "processing_time_sec": 3.55}
{"time": "2026-05-08 17:49:36.680", "kalmar_id": "A00003", "step": "YOLO_NO_DETECTION", "message": "No container region detected"}
{"time": "2026-05-08 17:52:14.349", "kalmar_id": "A00003", "step": "BLUR_CHECK", "blur_score": 903.81, "is_blurry": "False"}
{"time": "2026-05-08 17:52:16.891", "kalmar_id": "A00003", "step": "OCR_READ", "raw_text": "INLU250169", "final_iso": "INLU2501696", "processing_time_sec": 3.089}
{"time": "2026-05-08 17:52:16.907", "kalmar_id": "A00003", "step": "OCR_SUCCESS", "container_number": "INLU2501696", "processing_time_sec": 3.105}
{"time": "2026-05-08 17:58:33.572", "kalmar_id": "A00003", "step": "BLUR_CHECK", "blur_score": 916.77, "is_blurry": "False"}
{"time": "2026-05-08 17:58:39.796", "kalmar_id": "A00003", "step": "OCR_READ", "raw_text": "INLU250169", "final_iso": "INLU2501696", "processing_time_sec": 7.201}
{"time": "2026-05-08 17:58:39.842", "kalmar_id": "A00003", "step": "OCR_SUCCESS", "container_number": "INLU2501696", "processing_time_sec": 7.247}
{"time": "2026-05-08 17:58:50.896", "kalmar_id": "A00003", "step": "BLUR_CHECK", "blur_score": 1426.68, "is_blurry": "False"}
{"time": "2026-05-08 17:58:54.114", "kalmar_id": "A00003", "step": "OCR_READ", "raw_text": "INLU250169", "final_iso": "INLU2501696", "processing_time_sec": 3.861}
{"time": "2026-05-08 17:58:54.120", "kalmar_id": "A00003", "step": "OCR_SUCCESS", "container_number": "INLU2501696", "processing_time_sec": 3.867}
{"time": "2026-05-08 17:59:05.189", "kalmar_id": "A00003", "step": "BLUR_CHECK", "blur_score": 2335.27, "is_blurry": "False"}
{"time": "2026-05-08 17:59:08.040", "kalmar_id": "A00003", "step": "OCR_READ", "raw_text": "61070169", "final_iso": "", "processing_time_sec": 3.597}
{"time": "2026-05-08 17:59:08.042", "kalmar_id": "A00003", "step": "OCR_FAILED", "raw_text": "61070169", "processing_time_sec": 3.599}
{"time": "2026-05-08 17:59:19.043", "kalmar_id": "A00003", "step": "BLUR_CHECK", "blur_score": 2359.09, "is_blurry": "False"}
{"time": "2026-05-08 17:59:21.855", "kalmar_id": "A00003", "step": "OCR_READ", "raw_text": "6104169", "final_iso": "", "processing_time_sec": 3.503}
{"time": "2026-05-08 17:59:21.855", "kalmar_id": "A00003", "step": "OCR_FAILED", "raw_text": "6104169", "processing_time_sec": 3.503}
{"time": "2026-05-08 17:59:32.785", "kalmar_id": "A00003", "step": "BLUR_CHECK", "blur_score": 2317.89, "is_blurry": "False"}
{"time": "2026-05-08 17:59:35.722", "kalmar_id": "A00003", "step": "OCR_READ", "raw_text": "14UN250169", "final_iso": "", "processing_time_sec": 3.53}
{"time": "2026-05-08 17:59:35.724", "kalmar_id": "A00003", "step": "OCR_FAILED", "raw_text": "14UN250169", "processing_time_sec": 3.532}
{"time": "2026-05-08 17:59:46.646", "kalmar_id": "A00003", "step": "BLUR_CHECK", "blur_score": 2776.21, "is_blurry": "False"}
{"time": "2026-05-08 17:59:49.600", "kalmar_id": "A00003", "step": "OCR_READ", "raw_text": "69-0000-6", "final_iso": "", "processing_time_sec": 3.585}
{"time": "2026-05-08 17:59:49.600", "kalmar_id": "A00003", "step": "OCR_FAILED", "raw_text": "69-0000-6", "processing_time_sec": 3.585}
{"time": "2026-05-08 18:00:00.510", "kalmar_id": "A00003", "step": "BLUR_CHECK", "blur_score": 2155.69, "is_blurry": "False"}
{"time": "2026-05-08 18:00:03.527", "kalmar_id": "A00003", "step": "OCR_READ", "raw_text": "691010734", "final_iso": "", "processing_time_sec": 3.591}
{"time": "2026-05-08 18:00:03.527", "kalmar_id": "A00003", "step": "OCR_FAILED", "raw_text": "691010734", "processing_time_sec": 3.591}
{"time": "2026-05-08 18:00:18.363", "kalmar_id": "A00003", "step": "YOLO_NO_DETECTION", "message": "No container region detected"}
{"time": "2026-05-08 18:00:35.247", "kalmar_id": "A00003", "step": "BLUR_CHECK", "blur_score": 1164.05, "is_blurry": "False"}
{"time": "2026-05-08 18:00:39.737", "kalmar_id": "A00003", "step": "OCR_READ", "raw_text": "INLZ250169", "final_iso": "INLU2501696", "processing_time_sec": 10.582}
{"time": "2026-05-08 18:00:39.755", "kalmar_id": "A00003", "step": "OCR_SUCCESS", "container_number": "INLU2501696", "processing_time_sec": 10.599}
{"time": "2026-05-08 18:00:52.460", "kalmar_id": "A00003", "step": "BLUR_CHECK", "blur_score": 828.21, "is_blurry": "False"}
{"time": "2026-05-08 18:00:56.864", "kalmar_id": "A00003", "step": "OCR_READ", "raw_text": "INLU2501696", "final_iso": "INLU2501696", "processing_time_sec": 6.643}
{"time": "2026-05-08 18:00:56.883", "kalmar_id": "A00003", "step": "OCR_SUCCESS", "container_number": "INLU2501696", "processing_time_sec": 6.661}
{"time": "2026-05-08 18:03:39.070", "kalmar_id": "A00003", "step": "BLUR_CHECK", "blur_score": 922.14, "is_blurry": "False"}
{"time": "2026-05-08 18:03:43.126", "kalmar_id": "A00003", "step": "OCR_READ", "raw_text": "INLU250169", "final_iso": "INLU2501696", "processing_time_sec": 4.954}
{"time": "2026-05-08 18:03:43.139", "kalmar_id": "A00003", "step": "OCR_SUCCESS", "container_number": "INLU2501696", "processing_time_sec": 4.968}
{"time": "2026-05-08 18:03:54.445", "kalmar_id": "A00003", "step": "BLUR_CHECK", "blur_score": 1365.81, "is_blurry": "False"}
{"time": "2026-05-08 18:03:57.512", "kalmar_id": "A00003", "step": "OCR_READ", "raw_text": "INLU250169", "final_iso": "INLU2501696", "processing_time_sec": 3.876}
{"time": "2026-05-08 18:03:57.518", "kalmar_id": "A00003", "step": "OCR_SUCCESS", "container_number": "INLU2501696", "processing_time_sec": 3.882}
{"time": "2026-05-08 18:04:08.441", "kalmar_id": "A00003", "step": "BLUR_CHECK", "blur_score": 2584.91, "is_blurry": "False"}
{"time": "2026-05-08 18:04:11.084", "kalmar_id": "A00003", "step": "OCR_READ", "raw_text": "ZD250169", "final_iso": "", "processing_time_sec": 3.165}
{"time": "2026-05-08 18:04:11.084", "kalmar_id": "A00003", "step": "OCR_FAILED", "raw_text": "ZD250169", "processing_time_sec": 3.165}
{"time": "2026-05-08 18:04:22.117", "kalmar_id": "A00003", "step": "BLUR_CHECK", "blur_score": 2393.22, "is_blurry": "False"}
{"time": "2026-05-08 18:04:24.686", "kalmar_id": "A00003", "step": "OCR_READ", "raw_text": "I2L50169", "final_iso": "", "processing_time_sec": 3.164}
{"time": "2026-05-08 18:04:24.686", "kalmar_id": "A00003", "step": "OCR_FAILED", "raw_text": "I2L50169", "processing_time_sec": 3.164}
{"time": "2026-05-08 18:04:35.647", "kalmar_id": "A00003", "step": "BLUR_CHECK", "blur_score": 2269.85, "is_blurry": "False"}
{"time": "2026-05-08 18:04:38.148", "kalmar_id": "A00003", "step": "OCR_READ", "raw_text": "HUNO1696", "final_iso": "", "processing_time_sec": 3.082}
{"time": "2026-05-08 18:04:38.150", "kalmar_id": "A00003", "step": "OCR_FAILED", "raw_text": "HUNO1696", "processing_time_sec": 3.084}
{"time": "2026-05-08 18:04:49.137", "kalmar_id": "A00003", "step": "BLUR_CHECK", "blur_score": 2627.34, "is_blurry": "False"}
{"time": "2026-05-08 18:04:53.243", "kalmar_id": "A00003", "step": "OCR_READ", "raw_text": "I6101696", "final_iso": "", "processing_time_sec": 4.726}
{"time": "2026-05-08 18:04:53.244", "kalmar_id": "A00003", "step": "OCR_FAILED", "raw_text": "I6101696", "processing_time_sec": 4.728}
{"time": "2026-05-08 18:05:04.236", "kalmar_id": "A00003", "step": "BLUR_CHECK", "blur_score": 1728.89, "is_blurry": "False"}
{"time": "2026-05-08 18:05:06.779", "kalmar_id": "A00003", "step": "OCR_READ", "raw_text": "ALUN1696", "final_iso": "", "processing_time_sec": 3.141}
{"time": "2026-05-08 18:05:06.779", "kalmar_id": "A00003", "step": "OCR_FAILED", "raw_text": "ALUN1696", "processing_time_sec": 3.141}
{"time": "2026-05-08 18:05:17.925", "kalmar_id": "A00003", "step": "YOLO_NO_DETECTION", "message": "No container region detected"}
{"time": "2026-05-08 18:08:46.494", "kalmar_id": "A00003", "step": "BLUR_CHECK", "blur_score": 927.62, "is_blurry": "False"}
{"time": "2026-05-08 18:08:50.236", "kalmar_id": "A00003", "step": "OCR_READ", "raw_text": "INLU250169", "final_iso": "INLU2501696", "processing_time_sec": 4.408}
{"time": "2026-05-08 18:08:50.246", "kalmar_id": "A00003", "step": "OCR_SUCCESS", "container_number": "INLU2501696", "processing_time_sec": 4.418}
{"time": "2026-05-08 18:09:01.468", "kalmar_id": "A00003", "step": "BLUR_CHECK", "blur_score": 1348.73, "is_blurry": "False"}
{"time": "2026-05-08 18:09:04.970", "kalmar_id": "A00003", "step": "OCR_READ", "raw_text": "INLU250169", "final_iso": "INLU2501696", "processing_time_sec": 4.313}
{"time": "2026-05-08 18:09:04.981", "kalmar_id": "A00003", "step": "OCR_SUCCESS", "container_number": "INLU2501696", "processing_time_sec": 4.324}
{"time": "2026-05-08 18:09:16.275", "kalmar_id": "A00003", "step": "BLUR_CHECK", "blur_score": 2474.63, "is_blurry": "False"}
{"time": "2026-05-08 18:09:19.039", "kalmar_id": "A00003", "step": "OCR_READ", "raw_text": "6120169", "final_iso": "", "processing_time_sec": 3.633}
{"time": "2026-05-08 18:09:19.039", "kalmar_id": "A00003", "step": "OCR_FAILED", "raw_text": "6120169", "processing_time_sec": 3.633}
{"time": "2026-05-08 18:12:14.342", "kalmar_id": "A00003", "step": "BLUR_CHECK", "blur_score": 929.88, "is_blurry": "False"}
{"time": "2026-05-08 18:12:18.195", "kalmar_id": "A00003", "step": "OCR_READ", "raw_text": "INLU250169", "final_iso": "INLU2501696", "processing_time_sec": 4.678}
{"time": "2026-05-08 18:12:18.206", "kalmar_id": "A00003", "step": "OCR_SUCCESS", "container_number": "INLU2501696", "processing_time_sec": 4.69}
{"time": "2026-05-08 18:12:29.447", "kalmar_id": "A00003", "step": "BLUR_CHECK", "blur_score": 1377.51, "is_blurry": "False"}
{"time": "2026-05-08 18:12:32.781", "kalmar_id": "A00003", "step": "OCR_READ", "raw_text": "INLU250169", "final_iso": "INLU2501696", "processing_time_sec": 4.133}
{"time": "2026-05-08 18:12:32.788", "kalmar_id": "A00003", "step": "OCR_SUCCESS", "container_number": "INLU2501696", "processing_time_sec": 4.141}
{"time": "2026-05-08 18:12:43.990", "kalmar_id": "A00003", "step": "BLUR_CHECK", "blur_score": 2457.63, "is_blurry": "False"}
{"time": "2026-05-08 18:12:47.162", "kalmar_id": "A00003", "step": "OCR_READ", "raw_text": "ILUN20169", "final_iso": "", "processing_time_sec": 3.946}
{"time": "2026-05-08 18:12:47.162", "kalmar_id": "A00003", "step": "OCR_FAILED", "raw_text": "ILUN20169", "processing_time_sec": 3.949}
{"time": "2026-05-08 18:12:58.457", "kalmar_id": "A00003", "step": "BLUR_CHECK", "blur_score": 2431.31, "is_blurry": "False"}
{"time": "2026-05-08 18:13:01.531", "kalmar_id": "A00003", "step": "OCR_READ", "raw_text": "22G1696", "final_iso": "", "processing_time_sec": 3.982}
{"time": "2026-05-08 18:13:01.533", "kalmar_id": "A00003", "step": "OCR_FAILED", "raw_text": "22G1696", "processing_time_sec": 3.983}
{"time": "2026-05-08 18:13:12.759", "kalmar_id": "A00003", "step": "BLUR_CHECK", "blur_score": 2377.89, "is_blurry": "False"}
{"time": "2026-05-08 18:13:16.037", "kalmar_id": "A00003", "step": "OCR_READ", "raw_text": "6910724", "final_iso": "", "processing_time_sec": 4.092}
{"time": "2026-05-08 18:13:16.039", "kalmar_id": "A00003", "step": "OCR_FAILED", "raw_text": "6910724", "processing_time_sec": 4.094}
{"time": "2026-05-08 18:13:27.246", "kalmar_id": "A00003", "step": "BLUR_CHECK", "blur_score": 2574.59, "is_blurry": "False"}
{"time": "2026-05-08 18:13:30.485", "kalmar_id": "A00003", "step": "OCR_READ", "raw_text": "6915269", "final_iso": "", "processing_time_sec": 4.028}
{"time": "2026-05-08 18:13:30.487", "kalmar_id": "A00003", "step": "OCR_FAILED", "raw_text": "6915269", "processing_time_sec": 4.03}
{"time": "2026-05-08 18:13:41.754", "kalmar_id": "A00003", "step": "BLUR_CHECK", "blur_score": 2030.86, "is_blurry": "False"}
{"time": "2026-05-08 18:13:45.089", "kalmar_id": "A00003", "step": "OCR_READ", "raw_text": "I1015069", "final_iso": "", "processing_time_sec": 4.205}
{"time": "2026-05-08 18:13:45.089", "kalmar_id": "A00003", "step": "OCR_FAILED", "raw_text": "I1015069", "processing_time_sec": 4.205}
{"time": "2026-05-08 18:13:56.265", "kalmar_id": "A00003", "step": "YOLO_NO_DETECTION", "message": "No container region detected"}
{"time": "2026-05-08 18:14:08.353", "kalmar_id": "A00003", "step": "BLUR_CHECK", "blur_score": 762.3, "is_blurry": "False"}
{"time": "2026-05-08 18:14:12.033", "kalmar_id": "A00003", "step": "OCR_READ", "raw_text": "INLU250169", "final_iso": "INLU2501696", "processing_time_sec": 4.542}
{"time": "2026-05-08 18:14:12.040", "kalmar_id": "A00003", "step": "OCR_SUCCESS", "container_number": "INLU2501696", "processing_time_sec": 4.549}
{"time": "2026-05-08 18:14:23.326", "kalmar_id": "A00003", "step": "BLUR_CHECK", "blur_score": 825.04, "is_blurry": "False"}
{"time": "2026-05-08 18:14:27.037", "kalmar_id": "A00003", "step": "OCR_READ", "raw_text": "INLU250169", "final_iso": "INLU2501696", "processing_time_sec": 4.613}
{"time": "2026-05-08 18:14:27.045", "kalmar_id": "A00003", "step": "OCR_SUCCESS", "container_number": "INLU2501696", "processing_time_sec": 4.621}
{"time": "2026-05-08 18:25:21.383", "kalmar_id": "A00003", "step": "BLUR_CHECK", "blur_score": 864.59, "is_blurry": "False"}
{"time": "2026-05-08 18:25:25.045", "kalmar_id": "A00003", "step": "OCR_READ", "raw_text": "INLU250169", "final_iso": "INLU2501696", "processing_time_sec": 4.386}
{"time": "2026-05-08 18:25:25.056", "kalmar_id": "A00003", "step": "OCR_SUCCESS", "container_number": "INLU2501696", "processing_time_sec": 4.398}
{"time": "2026-05-08 18:25:36.220", "kalmar_id": "A00003", "step": "BLUR_CHECK", "blur_score": 1258.85, "is_blurry": "False"}
{"time": "2026-05-08 18:25:39.131", "kalmar_id": "A00003", "step": "OCR_READ", "raw_text": "INLU250169", "final_iso": "INLU2501696", "processing_time_sec": 3.726}
{"time": "2026-05-08 18:25:39.147", "kalmar_id": "A00003", "step": "OCR_SUCCESS", "container_number": "INLU2501696", "processing_time_sec": 3.742}
{"time": "2026-05-08 18:25:50.215", "kalmar_id": "A00003", "step": "BLUR_CHECK", "blur_score": 2450.19, "is_blurry": "False"}
{"time": "2026-05-08 18:25:53.193", "kalmar_id": "A00003", "step": "OCR_READ", "raw_text": "610524", "final_iso": "", "processing_time_sec": 3.691}
{"time": "2026-05-08 18:25:53.195", "kalmar_id": "A00003", "step": "OCR_FAILED", "raw_text": "610524", "processing_time_sec": 3.693}
