{"time": "2026-05-07 16:41:20.760", "kalmar_id": "A00003", "step": "YOLO_NO_DETECTION", "message": "No container region detected"}
{"time": "2026-05-07 16:41:32.700", "kalmar_id": "A00003", "step": "YOLO_NO_DETECTION", "message": "No container region detected"}
{"time": "2026-05-07 16:41:44.706", "kalmar_id": "A00003", "step": "YOLO_NO_DETECTION", "message": "No container region detected"}
{"time": "2026-05-07 16:41:56.735", "kalmar_id": "A00003", "step": "YOLO_NO_DETECTION", "message": "No container region detected"}
{"time": "2026-05-07 16:42:08.733", "kalmar_id": "A00003", "step": "YOLO_NO_DETECTION", "message": "No container region detected"}
{"time": "2026-05-07 16:42:20.723", "kalmar_id": "A00003", "step": "BLUR_CHECK", "blur_score": 2509.11, "is_blurry": "False"}
{"time": "2026-05-07 16:42:24.553", "kalmar_id": "A00003", "step": "OCR_READ", "raw_text": "MEDITERRANEAN", "final_iso": "", "processing_time_sec": 4.335}
{"time": "2026-05-07 16:42:24.553", "kalmar_id": "A00003", "step": "OCR_FAILED", "raw_text": "MEDITERRANEAN", "processing_time_sec": 4.335}
{"time": "2026-05-07 16:42:35.409", "kalmar_id": "A00003", "step": "YOLO_NO_DETECTION", "message": "No container region detected"}
{"time": "2026-05-07 16:42:50.061", "kalmar_id": "A00003", "step": "YOLO_NO_DETECTION", "message": "No container region detected"}
{"time": "2026-05-07 16:43:03.891", "kalmar_id": "A00003", "step": "YOLO_NO_DETECTION", "message": "No container region detected"}
{"time": "2026-05-07 16:43:15.163", "kalmar_id": "A00003", "step": "YOLO_NO_DETECTION", "message": "No container region detected"}
{"time": "2026-05-07 16:46:01.672", "kalmar_id": "A00003", "step": "YOLO_NO_DETECTION", "message": "No container region detected"}
{"time": "2026-05-07 16:46:13.575", "kalmar_id": "A00003", "step": "YOLO_NO_DETECTION", "message": "No container region detected"}
{"time": "2026-05-07 16:46:25.525", "kalmar_id": "A00003", "step": "YOLO_NO_DETECTION", "message": "No container region detected"}
{"time": "2026-05-07 16:46:37.742", "kalmar_id": "A00003", "step": "YOLO_NO_DETECTION", "message": "No container region detected"}
{"time": "2026-05-07 16:46:49.752", "kalmar_id": "A00003", "step": "YOLO_NO_DETECTION", "message": "No container region detected"}
{"time": "2026-05-07 16:47:01.708", "kalmar_id": "A00003", "step": "YOLO_NO_DETECTION", "message": "No container region detected"}
{"time": "2026-05-07 16:47:13.374", "kalmar_id": "A00003", "step": "YOLO_NO_DETECTION", "message": "No container region detected"}
{"time": "2026-05-07 16:47:25.417", "kalmar_id": "A00003", "step": "YOLO_NO_DETECTION", "message": "No container region detected"}
{"time": "2026-05-07 16:47:38.606", "kalmar_id": "A00003", "step": "YOLO_NO_DETECTION", "message": "No container region detected"}
{"time": "2026-05-07 16:47:46.259", "kalmar_id": "A00003", "step": "YOLO_NO_DETECTION", "message": "No container region detected"}
{"time": "2026-05-07 16:50:03.123", "kalmar_id": "A00003", "step": "YOLO_NO_DETECTION", "message": "No container region detected"}
{"time": "2026-05-07 16:50:14.997", "kalmar_id": "A00003", "step": "YOLO_NO_DETECTION", "message": "No container region detected"}
{"time": "2026-05-07 16:50:26.971", "kalmar_id": "A00003", "step": "YOLO_NO_DETECTION", "message": "No container region detected"}
{"time": "2026-05-07 16:50:38.988", "kalmar_id": "A00003", "step": "YOLO_NO_DETECTION", "message": "No container region detected"}
{"time": "2026-05-07 16:50:50.980", "kalmar_id": "A00003", "step": "YOLO_NO_DETECTION", "message": "No container region detected"}
{"time": "2026-05-07 16:51:03.020", "kalmar_id": "A00003", "step": "YOLO_NO_DETECTION", "message": "No container region detected"}
{"time": "2026-05-07 16:51:15.682", "kalmar_id": "A00003", "step": "YOLO_NO_DETECTION", "message": "No container region detected"}
{"time": "2026-05-07 16:51:29.500", "kalmar_id": "A00003", "step": "YOLO_NO_DETECTION", "message": "No container region detected"}
{"time": "2026-05-07 16:51:43.898", "kalmar_id": "A00003", "step": "YOLO_NO_DETECTION", "message": "No container region detected"}
{"time": "2026-05-07 16:51:58.510", "kalmar_id": "A00003", "step": "YOLO_NO_DETECTION", "message": "No container region detected"}
{"time": "2026-05-07 16:55:14.936", "kalmar_id": "A00003", "step": "YOLO_NO_DETECTION", "message": "No container region detected"}
{"time": "2026-05-07 16:55:27.400", "kalmar_id": "A00003", "step": "YOLO_NO_DETECTION", "message": "No container region detected"}
{"time": "2026-05-07 16:55:39.018", "kalmar_id": "A00003", "step": "YOLO_NO_DETECTION", "message": "No container region detected"}
{"time": "2026-05-07 16:55:50.960", "kalmar_id": "A00003", "step": "YOLO_NO_DETECTION", "message": "No container region detected"}
{"time": "2026-05-07 16:56:04.010", "kalmar_id": "A00003", "step": "YOLO_NO_DETECTION", "message": "No container region detected"}
{"time": "2026-05-07 16:56:15.880", "kalmar_id": "A00003", "step": "YOLO_NO_DETECTION", "message": "No container region detected"}
{"time": "2026-05-07 16:56:27.952", "kalmar_id": "A00003", "step": "YOLO_NO_DETECTION", "message": "No container region detected"}
{"time": "2026-05-07 16:56:39.997", "kalmar_id": "A00003", "step": "YOLO_NO_DETECTION", "message": "No container region detected"}
{"time": "2026-05-07 16:56:51.848", "kalmar_id": "A00003", "step": "YOLO_NO_DETECTION", "message": "No container region detected"}
{"time": "2026-05-07 16:57:04.085", "kalmar_id": "A00003", "step": "YOLO_NO_DETECTION", "message": "No container region detected"}
{"time": "2026-05-07 17:00:35.691", "kalmar_id": "A00003", "step": "YOLO_NO_DETECTION", "message": "No container region detected"}
{"time": "2026-05-07 17:00:47.659", "kalmar_id": "A00003", "step": "YOLO_NO_DETECTION", "message": "No container region detected"}
{"time": "2026-05-07 17:01:04.295", "kalmar_id": "A00003", "step": "YOLO_NO_DETECTION", "message": "No container region detected"}
{"time": "2026-05-07 17:01:17.120", "kalmar_id": "A00003", "step": "YOLO_NO_DETECTION", "message": "No container region detected"}
{"time": "2026-05-07 17:01:28.182", "kalmar_id": "A00003", "step": "YOLO_NO_DETECTION", "message": "No container region detected"}
{"time": "2026-05-07 17:01:40.118", "kalmar_id": "A00003", "step": "YOLO_NO_DETECTION", "message": "No container region detected"}
{"time": "2026-05-07 17:01:53.894", "kalmar_id": "A00003", "step": "YOLO_NO_DETECTION", "message": "No container region detected"}
{"time": "2026-05-07 17:02:08.208", "kalmar_id": "A00003", "step": "YOLO_NO_DETECTION", "message": "No container region detected"}
{"time": "2026-05-07 17:02:23.293", "kalmar_id": "A00003", "step": "YOLO_NO_DETECTION", "message": "No container region detected"}
{"time": "2026-05-07 17:02:37.914", "kalmar_id": "A00003", "step": "YOLO_NO_DETECTION", "message": "No container region detected"}
{"time": "2026-05-07 17:27:16.994", "kalmar_id": "KALMAR_TEST_01", "step": "YOLO_NO_DETECTION", "message": "No container region detected"}
{"time": "2026-05-07 17:43:07.079", "kalmar_id": "A00003", "step": "YOLO_NO_DETECTION", "message": "No container region detected"}
{"time": "2026-05-07 17:43:19.138", "kalmar_id": "A00003", "step": "YOLO_NO_DETECTION", "message": "No container region detected"}
{"time": "2026-05-07 17:43:31.077", "kalmar_id": "A00003", "step": "YOLO_NO_DETECTION", "message": "No container region detected"}
{"time": "2026-05-07 17:43:46.405", "kalmar_id": "A00003", "step": "YOLO_NO_DETECTION", "message": "No container region detected"}
{"time": "2026-05-07 17:44:00.874", "kalmar_id": "A00003", "step": "YOLO_NO_DETECTION", "message": "No container region detected"}
{"time": "2026-05-07 17:44:11.885", "kalmar_id": "A00003", "step": "YOLO_NO_DETECTION", "message": "No container region detected"}
{"time": "2026-05-07 17:44:28.358", "kalmar_id": "A00003", "step": "YOLO_NO_DETECTION", "message": "No container region detected"}
{"time": "2026-05-07 17:44:40.111", "kalmar_id": "A00003", "step": "YOLO_NO_DETECTION", "message": "No container region detected"}
{"time": "2026-05-07 17:44:52.953", "kalmar_id": "A00003", "step": "YOLO_NO_DETECTION", "message": "No container region detected"}
{"time": "2026-05-07 17:45:04.978", "kalmar_id": "A00003", "step": "YOLO_NO_DETECTION", "message": "No container region detected"}
{"time": "2026-05-07 17:51:40.083", "kalmar_id": "A00003", "step": "YOLO_NO_DETECTION", "message": "No container region detected"}
{"time": "2026-05-07 17:51:51.989", "kalmar_id": "A00003", "step": "YOLO_NO_DETECTION", "message": "No container region detected"}
{"time": "2026-05-07 17:52:08.814", "kalmar_id": "A00003", "step": "YOLO_NO_DETECTION", "message": "No container region detected"}
{"time": "2026-05-07 17:52:19.883", "kalmar_id": "A00003", "step": "YOLO_NO_DETECTION", "message": "No container region detected"}
{"time": "2026-05-07 17:59:42.622", "kalmar_id": "KALMAR_TEST_01", "step": "YOLO_NO_DETECTION", "message": "No container region detected"}
{"time": "2026-05-07 18:00:38.416", "kalmar_id": "KALMAR_TEST_01", "step": "YOLO_NO_DETECTION", "message": "No container region detected"}
{"time": "2026-05-07 18:03:30.306", "kalmar_id": "KALMAR_TEST_01", "step": "YOLO_NO_DETECTION", "message": "No container region detected"}
{"time": "2026-05-07 18:11:21.552", "kalmar_id": "A00003", "step": "YOLO_NO_DETECTION", "message": "No container region detected"}
{"time": "2026-05-07 18:11:33.463", "kalmar_id": "A00003", "step": "YOLO_NO_DETECTION", "message": "No container region detected"}
{"time": "2026-05-07 18:11:45.511", "kalmar_id": "A00003", "step": "YOLO_NO_DETECTION", "message": "No container region detected"}
{"time": "2026-05-07 18:12:06.888", "kalmar_id": "A00003", "step": "YOLO_NO_DETECTION", "message": "No container region detected"}
{"time": "2026-05-07 18:12:26.583", "kalmar_id": "A00003", "step": "YOLO_NO_DETECTION", "message": "No container region detected"}
{"time": "2026-05-07 18:35:09.761", "kalmar_id": "A00003", "step": "YOLO_NO_DETECTION", "message": "No container region detected"}
{"time": "2026-05-07 18:35:21.125", "kalmar_id": "A00003", "step": "YOLO_NO_DETECTION", "message": "No container region detected"}
{"time": "2026-05-07 18:35:35.036", "kalmar_id": "A00003", "step": "YOLO_NO_DETECTION", "message": "No container region detected"}
{"time": "2026-05-07 18:36:09.981", "kalmar_id": "A00003", "step": "YOLO_NO_DETECTION", "message": "No container region detected"}
{"time": "2026-05-07 18:36:21.949", "kalmar_id": "A00003", "step": "YOLO_NO_DETECTION", "message": "No container region detected"}
{"time": "2026-05-07 18:36:33.981", "kalmar_id": "A00003", "step": "YOLO_NO_DETECTION", "message": "No container region detected"}
{"time": "2026-05-07 19:12:22.556", "kalmar_id": "A00003", "step": "BLUR_CHECK", "blur_score": 1656.85, "is_blurry": "False"}
{"time": "2026-05-07 19:12:31.525", "kalmar_id": "A00003", "step": "OCR_READ", "raw_text": "INLU250169", "final_iso": "INLU2501696", "processing_time_sec": 11.919}
{"time": "2026-05-07 19:12:31.555", "kalmar_id": "A00003", "step": "OCR_SUCCESS", "container_number": "INLU2501696", "processing_time_sec": 11.949}
{"time": "2026-05-07 19:12:45.056", "kalmar_id": "A00003", "step": "BLUR_CHECK", "blur_score": 1656.85, "is_blurry": "False"}
{"time": "2026-05-07 19:12:49.310", "kalmar_id": "A00003", "step": "OCR_READ", "raw_text": "INLU250169", "final_iso": "INLU2501696", "processing_time_sec": 7.12}
{"time": "2026-05-07 19:12:49.337", "kalmar_id": "A00003", "step": "OCR_SUCCESS", "container_number": "INLU2501696", "processing_time_sec": 7.147}
{"time": "2026-05-07 19:13:02.963", "kalmar_id": "A00003", "step": "BLUR_CHECK", "blur_score": 1656.85, "is_blurry": "False"}
{"time": "2026-05-07 19:13:06.693", "kalmar_id": "A00003", "step": "OCR_READ", "raw_text": "INLU250169", "final_iso": "INLU2501696", "processing_time_sec": 6.772}
{"time": "2026-05-07 19:13:06.720", "kalmar_id": "A00003", "step": "OCR_SUCCESS", "container_number": "INLU2501696", "processing_time_sec": 6.799}
{"time": "2026-05-07 19:13:20.063", "kalmar_id": "A00003", "step": "BLUR_CHECK", "blur_score": 1656.85, "is_blurry": "False"}
{"time": "2026-05-07 19:13:23.891", "kalmar_id": "A00003", "step": "OCR_READ", "raw_text": "INLU250169", "final_iso": "INLU2501696", "processing_time_sec": 6.573}
{"time": "2026-05-07 19:13:23.924", "kalmar_id": "A00003", "step": "OCR_SUCCESS", "container_number": "INLU2501696", "processing_time_sec": 6.606}
{"time": "2026-05-07 19:13:37.262", "kalmar_id": "A00003", "step": "BLUR_CHECK", "blur_score": 1656.85, "is_blurry": "False"}
{"time": "2026-05-07 19:13:41.588", "kalmar_id": "A00003", "step": "OCR_READ", "raw_text": "INLU250169", "final_iso": "INLU2501696", "processing_time_sec": 7.12}
{"time": "2026-05-07 19:13:41.618", "kalmar_id": "A00003", "step": "OCR_SUCCESS", "container_number": "INLU2501696", "processing_time_sec": 7.149}
{"time": "2026-05-07 19:15:04.540", "kalmar_id": "A00003", "step": "BLUR_CHECK", "blur_score": 829.63, "is_blurry": "False"}
{"time": "2026-05-07 19:15:09.889", "kalmar_id": "A00003", "step": "OCR_READ", "raw_text": "INLU250169", "final_iso": "INLU2501696", "processing_time_sec": 10.434}
{"time": "2026-05-07 19:15:09.937", "kalmar_id": "A00003", "step": "OCR_SUCCESS", "container_number": "INLU2501696", "processing_time_sec": 10.482}
{"time": "2026-05-07 19:15:23.193", "kalmar_id": "A00003", "step": "BLUR_CHECK", "blur_score": 1024.29, "is_blurry": "False"}
{"time": "2026-05-07 19:15:31.432", "kalmar_id": "A00003", "step": "OCR_READ", "raw_text": "INLU2501696", "final_iso": "INLU2501696", "processing_time_sec": 10.501}
{"time": "2026-05-07 19:15:31.563", "kalmar_id": "A00003", "step": "OCR_SUCCESS", "container_number": "INLU2501696", "processing_time_sec": 10.632}
{"time": "2026-05-07 19:15:45.614", "kalmar_id": "A00003", "step": "BLUR_CHECK", "blur_score": 2520.33, "is_blurry": "False"}
{"time": "2026-05-07 19:15:49.599", "kalmar_id": "A00003", "step": "OCR_READ", "raw_text": "690169", "final_iso": "", "processing_time_sec": 6.553}
{"time": "2026-05-07 19:15:49.601", "kalmar_id": "A00003", "step": "OCR_FAILED", "raw_text": "690169", "processing_time_sec": 6.555}
{"time": "2026-05-07 19:16:02.557", "kalmar_id": "A00003", "step": "BLUR_CHECK", "blur_score": 2455.22, "is_blurry": "False"}
{"time": "2026-05-07 19:16:06.806", "kalmar_id": "A00003", "step": "OCR_READ", "raw_text": "61D101691", "final_iso": "", "processing_time_sec": 6.748}
{"time": "2026-05-07 19:16:06.808", "kalmar_id": "A00003", "step": "OCR_FAILED", "raw_text": "61D101691", "processing_time_sec": 6.75}
{"time": "2026-05-07 19:16:19.773", "kalmar_id": "A00003", "step": "BLUR_CHECK", "blur_score": 2209.58, "is_blurry": "False"}
{"time": "2026-05-07 19:16:23.748", "kalmar_id": "A00003", "step": "OCR_READ", "raw_text": "INLUN20169", "final_iso": "", "processing_time_sec": 6.467}
{"time": "2026-05-07 19:16:23.766", "kalmar_id": "A00003", "step": "OCR_FAILED", "raw_text": "INLUN20169", "processing_time_sec": 6.485}
{"time": "2026-05-07 19:16:36.685", "kalmar_id": "A00003", "step": "BLUR_CHECK", "blur_score": 2177.98, "is_blurry": "False"}
{"time": "2026-05-07 19:16:40.799", "kalmar_id": "A00003", "step": "OCR_READ", "raw_text": "LIDV20169", "final_iso": "", "processing_time_sec": 6.535}
{"time": "2026-05-07 19:16:40.812", "kalmar_id": "A00003", "step": "OCR_FAILED", "raw_text": "LIDV20169", "processing_time_sec": 6.547}
{"time": "2026-05-07 19:16:53.799", "kalmar_id": "A00003", "step": "BLUR_CHECK", "blur_score": 2616.32, "is_blurry": "False"}
{"time": "2026-05-07 19:16:58.032", "kalmar_id": "A00003", "step": "OCR_READ", "raw_text": "N1090169", "final_iso": "", "processing_time_sec": 6.745}
{"time": "2026-05-07 19:16:58.038", "kalmar_id": "A00003", "step": "OCR_FAILED", "raw_text": "N1090169", "processing_time_sec": 6.751}
{"time": "2026-05-07 19:17:10.914", "kalmar_id": "A00003", "step": "BLUR_CHECK", "blur_score": 675.66, "is_blurry": "False"}
{"time": "2026-05-07 19:17:15.818", "kalmar_id": "A00003", "step": "OCR_READ", "raw_text": "INLU250169", "final_iso": "INLU2501696", "processing_time_sec": 7.269}
{"time": "2026-05-07 19:17:15.834", "kalmar_id": "A00003", "step": "OCR_SUCCESS", "container_number": "INLU2501696", "processing_time_sec": 7.285}
{"time": "2026-05-07 19:17:26.821", "kalmar_id": "A00003", "step": "BLUR_CHECK", "blur_score": 869.17, "is_blurry": "False"}
{"time": "2026-05-07 19:17:29.585", "kalmar_id": "A00003", "step": "OCR_READ", "raw_text": "INLU250169", "final_iso": "INLU2501696", "processing_time_sec": 3.275}
{"time": "2026-05-07 19:17:29.588", "kalmar_id": "A00003", "step": "OCR_SUCCESS", "container_number": "INLU2501696", "processing_time_sec": 3.278}
{"time": "2026-05-07 19:17:40.418", "kalmar_id": "A00003", "step": "YOLO_NO_DETECTION", "message": "No container region detected"}
{"time": "2026-05-07 19:19:12.219", "kalmar_id": "A00003", "step": "YOLO_NO_DETECTION", "message": "No container region detected"}
{"time": "2026-05-07 19:19:24.075", "kalmar_id": "A00003", "step": "YOLO_NO_DETECTION", "message": "No container region detected"}
{"time": "2026-05-07 19:19:36.052", "kalmar_id": "A00003", "step": "YOLO_NO_DETECTION", "message": "No container region detected"}
{"time": "2026-05-07 19:20:48.164", "kalmar_id": "A00003", "step": "YOLO_NO_DETECTION", "message": "No container region detected"}
{"time": "2026-05-07 19:22:48.056", "kalmar_id": "A00003", "step": "YOLO_NO_DETECTION", "message": "No container region detected"}
{"time": "2026-05-07 19:22:59.966", "kalmar_id": "A00003", "step": "YOLO_NO_DETECTION", "message": "No container region detected"}
{"time": "2026-05-07 19:23:11.782", "kalmar_id": "A00003", "step": "YOLO_NO_DETECTION", "message": "No container region detected"}
{"time": "2026-05-07 19:24:25.487", "kalmar_id": "A00003", "step": "YOLO_NO_DETECTION", "message": "No container region detected"}
{"time": "2026-05-07 19:24:31.009", "kalmar_id": "A00003", "step": "YOLO_NO_DETECTION", "message": "No container region detected"}
